{"/Users/paccy/Desktop/projects/RCAA/free-mentors/free-mentors-fn/src/App.tsx": {"path":"/Users/paccy/Desktop/projects/RCAA/free-mentors/free-mentors-fn/src/App.tsx","statementMap":{"0":{"start":{"line":16,"column":2},"end":{"line":57,"column":4}}},"fnMap":{"0":{"name":"App","decl":{"start":{"line":15,"column":24},"end":{"line":15,"column":27}},"loc":{"start":{"line":15,"column":30},"end":{"line":58,"column":1}},"line":15}},"branchMap":{},"s":{"0":0},"f":{"0":0},"b":{}}
,"/Users/paccy/Desktop/projects/RCAA/free-mentors/free-mentors-fn/src/__tests__/testUtils.tsx": {"path":"/Users/paccy/Desktop/projects/RCAA/free-mentors/free-mentors-fn/src/__tests__/testUtils.tsx","statementMap":{"0":{"start":{"line":15,"column":2},"end":{"line":18,"column":5}},"1":{"start":{"line":29,"column":16},"end":{"line":29,"column":47}},"2":{"start":{"line":32,"column":4},"end":{"line":36,"column":6}},"3":{"start":{"line":39,"column":2},"end":{"line":39,"column":74}}},"fnMap":{"0":{"name":"createTestStore","decl":{"start":{"line":14,"column":9},"end":{"line":14,"column":24}},"loc":{"start":{"line":14,"column":67},"end":{"line":19,"column":1}},"line":14},"1":{"name":"renderWithProviders","decl":{"start":{"line":25,"column":9},"end":{"line":25,"column":28}},"loc":{"start":{"line":28,"column":2},"end":{"line":40,"column":1}},"line":28},"2":{"name":"Wrapper","decl":{"start":{"line":31,"column":11},"end":{"line":31,"column":18}},"loc":{"start":{"line":31,"column":64},"end":{"line":37,"column":3}},"line":31}},"branchMap":{"0":{"loc":{"start":{"line":27,"column":2},"end":{"line":27,"column":64}},"type":"default-arg","locations":[{"start":{"line":27,"column":62},"end":{"line":27,"column":64}}],"line":27}},"s":{"0":45,"1":45,"2":45,"3":45},"f":{"0":45,"1":45,"2":45},"b":{"0":[32]},"_coverageSchema":"1a1c01bbd47fc00a2c39e90264f33305004495a9","hash":"a1d9ec0d0eba8f0080440c15e9dbc3d20813b196"}
,"/Users/paccy/Desktop/projects/RCAA/free-mentors/free-mentors-fn/src/api/client.ts": {"path":"/Users/paccy/Desktop/projects/RCAA/free-mentors/free-mentors-fn/src/api/client.ts","statementMap":{"0":{"start":{"line":3,"column":20},"end":{"line":3,"column":87}},"1":{"start":{"line":10,"column":42},"end":{"line":10,"column":80}},"2":{"start":{"line":11,"column":2},"end":{"line":11,"column":58}},"3":{"start":{"line":11,"column":13},"end":{"line":11,"column":58}},"4":{"start":{"line":13,"column":19},"end":{"line":13,"column":83}},"5":{"start":{"line":15,"column":2},"end":{"line":17,"column":3}},"6":{"start":{"line":16,"column":4},"end":{"line":16,"column":44}},"7":{"start":{"line":18,"column":2},"end":{"line":18,"column":24}}},"fnMap":{"0":{"name":"gql","decl":{"start":{"line":5,"column":22},"end":{"line":5,"column":25}},"loc":{"start":{"line":9,"column":14},"end":{"line":19,"column":1}},"line":9}},"branchMap":{"0":{"loc":{"start":{"line":3,"column":20},"end":{"line":3,"column":87}},"type":"binary-expr","locations":[{"start":{"line":3,"column":20},"end":{"line":3,"column":52}},{"start":{"line":3,"column":56},"end":{"line":3,"column":87}}],"line":3},"1":{"loc":{"start":{"line":11,"column":2},"end":{"line":11,"column":58}},"type":"if","locations":[{"start":{"line":11,"column":2},"end":{"line":11,"column":58}},{"start":{},"end":{}}],"line":11},"2":{"loc":{"start":{"line":15,"column":2},"end":{"line":17,"column":3}},"type":"if","locations":[{"start":{"line":15,"column":2},"end":{"line":17,"column":3}},{"start":{},"end":{}}],"line":15}},"s":{"0":0,"1":0,"2":0,"3":0,"4":0,"5":0,"6":0,"7":0},"f":{"0":0},"b":{"0":[0,0],"1":[0,0],"2":[0,0]}}
,"/Users/paccy/Desktop/projects/RCAA/free-mentors/free-mentors-fn/src/api/mutations.ts": {"path":"/Users/paccy/Desktop/projects/RCAA/free-mentors/free-mentors-fn/src/api/mutations.ts","statementMap":{"0":{"start":{"line":1,"column":22},"end":{"line":26,"column":1}},"1":{"start":{"line":28,"column":21},"end":{"line":35,"column":1}},"2":{"start":{"line":37,"column":37},"end":{"line":43,"column":1}},"3":{"start":{"line":45,"column":30},"end":{"line":52,"column":1}},"4":{"start":{"line":54,"column":30},"end":{"line":60,"column":1}},"5":{"start":{"line":62,"column":31},"end":{"line":68,"column":1}},"6":{"start":{"line":70,"column":29},"end":{"line":76,"column":1}},"7":{"start":{"line":78,"column":27},"end":{"line":84,"column":1}}},"fnMap":{},"branchMap":{},"s":{"0":2,"1":2,"2":2,"3":2,"4":2,"5":2,"6":2,"7":2},"f":{},"b":{},"_coverageSchema":"1a1c01bbd47fc00a2c39e90264f33305004495a9","hash":"be4239c4559fea104fafb5e9ef58d23d9c7e6ae7"}
,"/Users/paccy/Desktop/projects/RCAA/free-mentors/free-mentors-fn/src/api/queries.ts": {"path":"/Users/paccy/Desktop/projects/RCAA/free-mentors/free-mentors-fn/src/api/queries.ts","statementMap":{"0":{"start":{"line":1,"column":27},"end":{"line":7,"column":1}},"1":{"start":{"line":9,"column":26},"end":{"line":15,"column":1}},"2":{"start":{"line":17,"column":22},"end":{"line":24,"column":1}},"3":{"start":{"line":26,"column":31},"end":{"line":34,"column":1}},"4":{"start":{"line":36,"column":35},"end":{"line":44,"column":1}},"5":{"start":{"line":46,"column":34},"end":{"line":53,"column":1}},"6":{"start":{"line":55,"column":29},"end":{"line":61,"column":1}},"7":{"start":{"line":63,"column":31},"end":{"line":71,"column":1}}},"fnMap":{},"branchMap":{},"s":{"0":1,"1":1,"2":1,"3":1,"4":1,"5":1,"6":1,"7":1},"f":{},"b":{},"_coverageSchema":"1a1c01bbd47fc00a2c39e90264f33305004495a9","hash":"c46d371786c10ffee13412b1c9b7b4d4d722072b"}
,"/Users/paccy/Desktop/projects/RCAA/free-mentors/free-mentors-fn/src/components/Footer.tsx": {"path":"/Users/paccy/Desktop/projects/RCAA/free-mentors/free-mentors-fn/src/components/Footer.tsx","statementMap":{"0":{"start":{"line":4,"column":2},"end":{"line":37,"column":4}}},"fnMap":{"0":{"name":"Footer","decl":{"start":{"line":3,"column":24},"end":{"line":3,"column":30}},"loc":{"start":{"line":3,"column":33},"end":{"line":38,"column":1}},"line":3}},"branchMap":{},"s":{"0":0},"f":{"0":0},"b":{}}
,"/Users/paccy/Desktop/projects/RCAA/free-mentors/free-mentors-fn/src/components/Navbar.tsx": {"path":"/Users/paccy/Desktop/projects/RCAA/free-mentors/free-mentors-fn/src/components/Navbar.tsx","statementMap":{"0":{"start":{"line":8,"column":26},"end":{"line":8,"column":63}},"1":{"start":{"line":8,"column":56},"end":{"line":8,"column":62}},"2":{"start":{"line":9,"column":19},"end":{"line":9,"column":32}},"3":{"start":{"line":10,"column":19},"end":{"line":10,"column":32}},"4":{"start":{"line":11,"column":38},"end":{"line":11,"column":53}},"5":{"start":{"line":13,"column":23},"end":{"line":17,"column":3}},"6":{"start":{"line":14,"column":4},"end":{"line":14,"column":23}},"7":{"start":{"line":15,"column":4},"end":{"line":15,"column":18}},"8":{"start":{"line":16,"column":4},"end":{"line":16,"column":25}},"9":{"start":{"line":19,"column":16},"end":{"line":19,"column":42}},"10":{"start":{"line":19,"column":22},"end":{"line":19,"column":42}},"11":{"start":{"line":21,"column":19},"end":{"line":21,"column":74}},"12":{"start":{"line":23,"column":2},"end":{"line":150,"column":4}},"13":{"start":{"line":86,"column":25},"end":{"line":86,"column":49}},"14":{"start":{"line":86,"column":46},"end":{"line":86,"column":48}}},"fnMap":{"0":{"name":"Navbar","decl":{"start":{"line":7,"column":24},"end":{"line":7,"column":30}},"loc":{"start":{"line":7,"column":33},"end":{"line":151,"column":1}},"line":7},"1":{"name":"(anonymous_1)","decl":{"start":{"line":8,"column":38},"end":{"line":8,"column":39}},"loc":{"start":{"line":8,"column":56},"end":{"line":8,"column":62}},"line":8},"2":{"name":"(anonymous_2)","decl":{"start":{"line":13,"column":23},"end":{"line":13,"column":24}},"loc":{"start":{"line":13,"column":29},"end":{"line":17,"column":3}},"line":13},"3":{"name":"(anonymous_3)","decl":{"start":{"line":19,"column":16},"end":{"line":19,"column":17}},"loc":{"start":{"line":19,"column":22},"end":{"line":19,"column":42}},"line":19},"4":{"name":"(anonymous_4)","decl":{"start":{"line":86,"column":19},"end":{"line":86,"column":20}},"loc":{"start":{"line":86,"column":25},"end":{"line":86,"column":49}},"line":86},"5":{"name":"(anonymous_5)","decl":{"start":{"line":86,"column":39},"end":{"line":86,"column":40}},"loc":{"start":{"line":86,"column":46},"end":{"line":86,"column":48}},"line":86}},"branchMap":{"0":{"loc":{"start":{"line":21,"column":19},"end":{"line":21,"column":74}},"type":"cond-expr","locations":[{"start":{"line":21,"column":26},"end":{"line":21,"column":67}},{"start":{"line":21,"column":70},"end":{"line":21,"column":74}}],"line":21},"1":{"loc":{"start":{"line":37,"column":11},"end":{"line":80,"column":11}},"type":"cond-expr","locations":[{"start":{"line":38,"column":12},"end":{"line":67,"column":15}},{"start":{"line":69,"column":12},"end":{"line":79,"column":15}}],"line":37},"2":{"loc":{"start":{"line":39,"column":15},"end":{"line":43,"column":15}},"type":"binary-expr","locations":[{"start":{"line":39,"column":15},"end":{"line":39,"column":37}},{"start":{"line":40,"column":16},"end":{"line":42,"column":23}}],"line":39},"3":{"loc":{"start":{"line":45,"column":20},"end":{"line":45,"column":80}},"type":"cond-expr","locations":[{"start":{"line":45,"column":46},"end":{"line":45,"column":65}},{"start":{"line":45,"column":68},"end":{"line":45,"column":80}}],"line":45},"4":{"loc":{"start":{"line":89,"column":11},"end":{"line":97,"column":11}},"type":"cond-expr","locations":[{"start":{"line":90,"column":12},"end":{"line":92,"column":18}},{"start":{"line":94,"column":12},"end":{"line":96,"column":18}}],"line":89},"5":{"loc":{"start":{"line":102,"column":7},"end":{"line":148,"column":7}},"type":"binary-expr","locations":[{"start":{"line":102,"column":7},"end":{"line":102,"column":17}},{"start":{"line":103,"column":8},"end":{"line":147,"column":14}}],"line":102},"6":{"loc":{"start":{"line":107,"column":11},"end":{"line":146,"column":11}},"type":"cond-expr","locations":[{"start":{"line":108,"column":12},"end":{"line":132,"column":15}},{"start":{"line":134,"column":12},"end":{"line":145,"column":15}}],"line":107},"7":{"loc":{"start":{"line":109,"column":15},"end":{"line":113,"column":15}},"type":"binary-expr","locations":[{"start":{"line":109,"column":15},"end":{"line":109,"column":37}},{"start":{"line":110,"column":16},"end":{"line":112,"column":23}}],"line":109},"8":{"loc":{"start":{"line":115,"column":20},"end":{"line":115,"column":80}},"type":"cond-expr","locations":[{"start":{"line":115,"column":46},"end":{"line":115,"column":65}},{"start":{"line":115,"column":68},"end":{"line":115,"column":80}}],"line":115}},"s":{"0":11,"1":21,"2":11,"3":11,"4":11,"5":11,"6":0,"7":0,"8":0,"9":11,"10":0,"11":11,"12":11,"13":1,"14":1},"f":{"0":11,"1":21,"2":0,"3":0,"4":1,"5":1},"b":{"0":[6,5],"1":[6,5],"2":[6,1],"3":[1,5],"4":[1,10],"5":[11,1],"6":[0,1],"7":[0,0],"8":[0,0]},"_coverageSchema":"1a1c01bbd47fc00a2c39e90264f33305004495a9","hash":"b2164ab9fbc5df822d1eff6b1048499f3d6adcbb"}
,"/Users/paccy/Desktop/projects/RCAA/free-mentors/free-mentors-fn/src/components/ProtectedRoute.tsx": {"path":"/Users/paccy/Desktop/projects/RCAA/free-mentors/free-mentors-fn/src/components/ProtectedRoute.tsx","statementMap":{"0":{"start":{"line":11,"column":26},"end":{"line":11,"column":63}},"1":{"start":{"line":11,"column":56},"end":{"line":11,"column":62}},"2":{"start":{"line":13,"column":2},"end":{"line":13,"column":54}},"3":{"start":{"line":13,"column":14},"end":{"line":13,"column":54}},"4":{"start":{"line":14,"column":2},"end":{"line":14,"column":86}},"5":{"start":{"line":14,"column":51},"end":{"line":14,"column":86}},"6":{"start":{"line":16,"column":2},"end":{"line":16,"column":25}}},"fnMap":{"0":{"name":"ProtectedRoute","decl":{"start":{"line":10,"column":24},"end":{"line":10,"column":38}},"loc":{"start":{"line":10,"column":67},"end":{"line":17,"column":1}},"line":10},"1":{"name":"(anonymous_1)","decl":{"start":{"line":11,"column":38},"end":{"line":11,"column":39}},"loc":{"start":{"line":11,"column":56},"end":{"line":11,"column":62}},"line":11}},"branchMap":{"0":{"loc":{"start":{"line":13,"column":2},"end":{"line":13,"column":54}},"type":"if","locations":[{"start":{"line":13,"column":2},"end":{"line":13,"column":54}},{"start":{},"end":{}}],"line":13},"1":{"loc":{"start":{"line":14,"column":2},"end":{"line":14,"column":86}},"type":"if","locations":[{"start":{"line":14,"column":2},"end":{"line":14,"column":86}},{"start":{},"end":{}}],"line":14},"2":{"loc":{"start":{"line":14,"column":6},"end":{"line":14,"column":49}},"type":"binary-expr","locations":[{"start":{"line":14,"column":6},"end":{"line":14,"column":11}},{"start":{"line":14,"column":15},"end":{"line":14,"column":19}},{"start":{"line":14,"column":23},"end":{"line":14,"column":49}}],"line":14}},"s":{"0":5,"1":10,"2":5,"3":1,"4":4,"5":1,"6":3},"f":{"0":5,"1":10},"b":{"0":[1,4],"1":[1,3],"2":[4,3,3]},"_coverageSchema":"1a1c01bbd47fc00a2c39e90264f33305004495a9","hash":"2d8c7e87f4d78de80d6d12768de0c87638169c11"}
,"/Users/paccy/Desktop/projects/RCAA/free-mentors/free-mentors-fn/src/pages/Landing.tsx": {"path":"/Users/paccy/Desktop/projects/RCAA/free-mentors/free-mentors-fn/src/pages/Landing.tsx","statementMap":{"0":{"start":{"line":5,"column":14},"end":{"line":10,"column":1}},"1":{"start":{"line":12,"column":14},"end":{"line":40,"column":1}},"2":{"start":{"line":42,"column":21},"end":{"line":58,"column":1}},"3":{"start":{"line":61,"column":20},"end":{"line":61,"column":57}},"4":{"start":{"line":61,"column":50},"end":{"line":61,"column":56}},"5":{"start":{"line":63,"column":2},"end":{"line":182,"column":4}},"6":{"start":{"line":110,"column":12},"end":{"line":113,"column":18}},"7":{"start":{"line":128,"column":12},"end":{"line":135,"column":18}},"8":{"start":{"line":149,"column":14},"end":{"line":160,"column":20}}},"fnMap":{"0":{"name":"Landing","decl":{"start":{"line":60,"column":24},"end":{"line":60,"column":31}},"loc":{"start":{"line":60,"column":34},"end":{"line":183,"column":1}},"line":60},"1":{"name":"(anonymous_1)","decl":{"start":{"line":61,"column":32},"end":{"line":61,"column":33}},"loc":{"start":{"line":61,"column":50},"end":{"line":61,"column":56}},"line":61},"2":{"name":"(anonymous_2)","decl":{"start":{"line":109,"column":21},"end":{"line":109,"column":22}},"loc":{"start":{"line":110,"column":12},"end":{"line":113,"column":18}},"line":110},"3":{"name":"(anonymous_3)","decl":{"start":{"line":127,"column":21},"end":{"line":127,"column":22}},"loc":{"start":{"line":128,"column":12},"end":{"line":135,"column":18}},"line":128},"4":{"name":"(anonymous_4)","decl":{"start":{"line":148,"column":30},"end":{"line":148,"column":31}},"loc":{"start":{"line":149,"column":14},"end":{"line":160,"column":20}},"line":149}},"branchMap":{"0":{"loc":{"start":{"line":79,"column":13},"end":{"line":101,"column":13}},"type":"cond-expr","locations":[{"start":{"line":80,"column":14},"end":{"line":85,"column":21}},{"start":{"line":87,"column":14},"end":{"line":100,"column":17}}],"line":79},"1":{"loc":{"start":{"line":167,"column":7},"end":{"line":180,"column":7}},"type":"binary-expr","locations":[{"start":{"line":167,"column":7},"end":{"line":167,"column":13}},{"start":{"line":168,"column":8},"end":{"line":179,"column":18}}],"line":167}},"s":{"0":1,"1":1,"2":1,"3":8,"4":16,"5":8,"6":32,"7":24,"8":24},"f":{"0":8,"1":16,"2":32,"3":24,"4":24},"b":{"0":[2,6],"1":[8,6]},"_coverageSchema":"1a1c01bbd47fc00a2c39e90264f33305004495a9","hash":"980c528607df867ee33ac48941449dd062ba71a6"}
,"/Users/paccy/Desktop/projects/RCAA/free-mentors/free-mentors-fn/src/pages/NotFound.tsx": {"path":"/Users/paccy/Desktop/projects/RCAA/free-mentors/free-mentors-fn/src/pages/NotFound.tsx","statementMap":{"0":{"start":{"line":4,"column":2},"end":{"line":26,"column":4}}},"fnMap":{"0":{"name":"NotFound","decl":{"start":{"line":3,"column":24},"end":{"line":3,"column":32}},"loc":{"start":{"line":3,"column":35},"end":{"line":27,"column":1}},"line":3}},"branchMap":{},"s":{"0":0},"f":{"0":0},"b":{}}
,"/Users/paccy/Desktop/projects/RCAA/free-mentors/free-mentors-fn/src/pages/admin/AdminPanel.tsx": {"path":"/Users/paccy/Desktop/projects/RCAA/free-mentors/free-mentors-fn/src/pages/admin/AdminPanel.tsx","statementMap":{"0":{"start":{"line":14,"column":71},"end":{"line":18,"column":1}},"1":{"start":{"line":21,"column":39},"end":{"line":21,"column":76}},"2":{"start":{"line":21,"column":69},"end":{"line":21,"column":75}},"3":{"start":{"line":22,"column":19},"end":{"line":22,"column":32}},"4":{"start":{"line":23,"column":24},"end":{"line":23,"column":35}},"5":{"start":{"line":25,"column":28},"end":{"line":25,"column":48}},"6":{"start":{"line":26,"column":32},"end":{"line":26,"column":54}},"7":{"start":{"line":27,"column":32},"end":{"line":27,"column":46}},"8":{"start":{"line":28,"column":28},"end":{"line":28,"column":40}},"9":{"start":{"line":29,"column":44},"end":{"line":29,"column":73}},"10":{"start":{"line":30,"column":42},"end":{"line":30,"column":69}},"11":{"start":{"line":32,"column":19},"end":{"line":44,"column":3}},"12":{"start":{"line":33,"column":4},"end":{"line":33,"column":21}},"13":{"start":{"line":34,"column":4},"end":{"line":43,"column":40}},"14":{"start":{"line":39,"column":8},"end":{"line":39,"column":30}},"15":{"start":{"line":40,"column":8},"end":{"line":40,"column":34}},"16":{"start":{"line":42,"column":20},"end":{"line":42,"column":39}},"17":{"start":{"line":43,"column":21},"end":{"line":43,"column":38}},"18":{"start":{"line":46,"column":2},"end":{"line":46,"column":31}},"19":{"start":{"line":48,"column":26},"end":{"line":61,"column":3}},"20":{"start":{"line":49,"column":4},"end":{"line":49,"column":29}},"21":{"start":{"line":50,"column":4},"end":{"line":60,"column":5}},"22":{"start":{"line":51,"column":6},"end":{"line":51,"column":58}},"23":{"start":{"line":52,"column":6},"end":{"line":52,"column":101}},"24":{"start":{"line":52,"column":25},"end":{"line":52,"column":99}},"25":{"start":{"line":52,"column":42},"end":{"line":52,"column":97}},"26":{"start":{"line":53,"column":6},"end":{"line":55,"column":7}},"27":{"start":{"line":54,"column":8},"end":{"line":54,"column":65}},"28":{"start":{"line":54,"column":31},"end":{"line":54,"column":63}},"29":{"start":{"line":57,"column":6},"end":{"line":57,"column":65}},"30":{"start":{"line":59,"column":6},"end":{"line":59,"column":29}},"31":{"start":{"line":63,"column":21},"end":{"line":73,"column":3}},"32":{"start":{"line":64,"column":4},"end":{"line":64,"column":31}},"33":{"start":{"line":65,"column":4},"end":{"line":72,"column":5}},"34":{"start":{"line":66,"column":6},"end":{"line":66,"column":50}},"35":{"start":{"line":67,"column":6},"end":{"line":67,"column":96}},"36":{"start":{"line":67,"column":27},"end":{"line":67,"column":94}},"37":{"start":{"line":67,"column":44},"end":{"line":67,"column":92}},"38":{"start":{"line":69,"column":6},"end":{"line":69,"column":65}},"39":{"start":{"line":71,"column":6},"end":{"line":71,"column":29}},"40":{"start":{"line":75,"column":2},"end":{"line":75,"column":92}},"41":{"start":{"line":75,"column":15},"end":{"line":75,"column":92}},"42":{"start":{"line":77,"column":23},"end":{"line":77,"column":68}},"43":{"start":{"line":77,"column":43},"end":{"line":77,"column":67}},"44":{"start":{"line":78,"column":22},"end":{"line":78,"column":76}},"45":{"start":{"line":78,"column":49},"end":{"line":78,"column":68}},"46":{"start":{"line":79,"column":20},"end":{"line":79,"column":72}},"47":{"start":{"line":79,"column":47},"end":{"line":79,"column":64}},"48":{"start":{"line":80,"column":24},"end":{"line":80,"column":64}},"49":{"start":{"line":80,"column":46},"end":{"line":80,"column":56}},"50":{"start":{"line":82,"column":2},"end":{"line":260,"column":4}},"51":{"start":{"line":98,"column":10},"end":{"line":101,"column":16}},"52":{"start":{"line":105,"column":72},"end":{"line":105,"column":84}},"53":{"start":{"line":107,"column":44},"end":{"line":107,"column":53}},"54":{"start":{"line":119,"column":14},"end":{"line":152,"column":20}},"55":{"start":{"line":121,"column":31},"end":{"line":121,"column":49}},"56":{"start":{"line":144,"column":40},"end":{"line":144,"column":60}},"57":{"start":{"line":144,"column":61},"end":{"line":144,"column":83}},"58":{"start":{"line":165,"column":14},"end":{"line":196,"column":20}},"59":{"start":{"line":187,"column":39},"end":{"line":187,"column":55}},"60":{"start":{"line":203,"column":51},"end":{"line":203,"column":72}},"61":{"start":{"line":238,"column":33},"end":{"line":238,"column":65}},"62":{"start":{"line":249,"column":35},"end":{"line":249,"column":57}},"63":{"start":{"line":249,"column":58},"end":{"line":249,"column":98}},"64":{"start":{"line":254,"column":37},"end":{"line":254,"column":58}},"65":{"start":{"line":264,"column":2},"end":{"line":269,"column":4}}},"fnMap":{"0":{"name":"AdminPanel","decl":{"start":{"line":20,"column":24},"end":{"line":20,"column":34}},"loc":{"start":{"line":20,"column":37},"end":{"line":261,"column":1}},"line":20},"1":{"name":"(anonymous_1)","decl":{"start":{"line":21,"column":51},"end":{"line":21,"column":52}},"loc":{"start":{"line":21,"column":69},"end":{"line":21,"column":75}},"line":21},"2":{"name":"(anonymous_2)","decl":{"start":{"line":32,"column":19},"end":{"line":32,"column":20}},"loc":{"start":{"line":32,"column":25},"end":{"line":44,"column":3}},"line":32},"3":{"name":"(anonymous_3)","decl":{"start":{"line":38,"column":12},"end":{"line":38,"column":13}},"loc":{"start":{"line":38,"column":26},"end":{"line":41,"column":7}},"line":38},"4":{"name":"(anonymous_4)","decl":{"start":{"line":42,"column":13},"end":{"line":42,"column":14}},"loc":{"start":{"line":42,"column":20},"end":{"line":42,"column":39}},"line":42},"5":{"name":"(anonymous_5)","decl":{"start":{"line":43,"column":15},"end":{"line":43,"column":16}},"loc":{"start":{"line":43,"column":21},"end":{"line":43,"column":38}},"line":43},"6":{"name":"(anonymous_6)","decl":{"start":{"line":48,"column":26},"end":{"line":48,"column":27}},"loc":{"start":{"line":48,"column":52},"end":{"line":61,"column":3}},"line":48},"7":{"name":"(anonymous_7)","decl":{"start":{"line":52,"column":15},"end":{"line":52,"column":16}},"loc":{"start":{"line":52,"column":25},"end":{"line":52,"column":99}},"line":52},"8":{"name":"(anonymous_8)","decl":{"start":{"line":52,"column":34},"end":{"line":52,"column":35}},"loc":{"start":{"line":52,"column":42},"end":{"line":52,"column":97}},"line":52},"9":{"name":"(anonymous_9)","decl":{"start":{"line":54,"column":24},"end":{"line":54,"column":25}},"loc":{"start":{"line":54,"column":31},"end":{"line":54,"column":63}},"line":54},"10":{"name":"(anonymous_10)","decl":{"start":{"line":63,"column":21},"end":{"line":63,"column":22}},"loc":{"start":{"line":63,"column":49},"end":{"line":73,"column":3}},"line":63},"11":{"name":"(anonymous_11)","decl":{"start":{"line":67,"column":17},"end":{"line":67,"column":18}},"loc":{"start":{"line":67,"column":27},"end":{"line":67,"column":94}},"line":67},"12":{"name":"(anonymous_12)","decl":{"start":{"line":67,"column":36},"end":{"line":67,"column":37}},"loc":{"start":{"line":67,"column":44},"end":{"line":67,"column":92}},"line":67},"13":{"name":"(anonymous_13)","decl":{"start":{"line":77,"column":36},"end":{"line":77,"column":37}},"loc":{"start":{"line":77,"column":43},"end":{"line":77,"column":67}},"line":77},"14":{"name":"(anonymous_14)","decl":{"start":{"line":78,"column":42},"end":{"line":78,"column":43}},"loc":{"start":{"line":78,"column":49},"end":{"line":78,"column":68}},"line":78},"15":{"name":"(anonymous_15)","decl":{"start":{"line":79,"column":40},"end":{"line":79,"column":41}},"loc":{"start":{"line":79,"column":47},"end":{"line":79,"column":64}},"line":79},"16":{"name":"(anonymous_16)","decl":{"start":{"line":80,"column":39},"end":{"line":80,"column":40}},"loc":{"start":{"line":80,"column":46},"end":{"line":80,"column":56}},"line":80},"17":{"name":"(anonymous_17)","decl":{"start":{"line":97,"column":14},"end":{"line":97,"column":15}},"loc":{"start":{"line":98,"column":10},"end":{"line":101,"column":16}},"line":98},"18":{"name":"(anonymous_18)","decl":{"start":{"line":105,"column":66},"end":{"line":105,"column":67}},"loc":{"start":{"line":105,"column":72},"end":{"line":105,"column":84}},"line":105},"19":{"name":"(anonymous_19)","decl":{"start":{"line":107,"column":34},"end":{"line":107,"column":35}},"loc":{"start":{"line":107,"column":44},"end":{"line":107,"column":53}},"line":107},"20":{"name":"(anonymous_20)","decl":{"start":{"line":118,"column":29},"end":{"line":118,"column":30}},"loc":{"start":{"line":119,"column":14},"end":{"line":152,"column":20}},"line":119},"21":{"name":"(anonymous_21)","decl":{"start":{"line":121,"column":25},"end":{"line":121,"column":26}},"loc":{"start":{"line":121,"column":31},"end":{"line":121,"column":49}},"line":121},"22":{"name":"(anonymous_22)","decl":{"start":{"line":144,"column":31},"end":{"line":144,"column":32}},"loc":{"start":{"line":144,"column":38},"end":{"line":144,"column":85}},"line":144},"23":{"name":"(anonymous_23)","decl":{"start":{"line":164,"column":24},"end":{"line":164,"column":25}},"loc":{"start":{"line":165,"column":14},"end":{"line":196,"column":20}},"line":165},"24":{"name":"(anonymous_24)","decl":{"start":{"line":187,"column":33},"end":{"line":187,"column":34}},"loc":{"start":{"line":187,"column":39},"end":{"line":187,"column":55}},"line":187},"25":{"name":"(anonymous_25)","decl":{"start":{"line":203,"column":45},"end":{"line":203,"column":46}},"loc":{"start":{"line":203,"column":51},"end":{"line":203,"column":72}},"line":203},"26":{"name":"(anonymous_26)","decl":{"start":{"line":238,"column":27},"end":{"line":238,"column":28}},"loc":{"start":{"line":238,"column":33},"end":{"line":238,"column":65}},"line":238},"27":{"name":"(anonymous_27)","decl":{"start":{"line":249,"column":27},"end":{"line":249,"column":28}},"loc":{"start":{"line":249,"column":33},"end":{"line":249,"column":100}},"line":249},"28":{"name":"(anonymous_28)","decl":{"start":{"line":254,"column":31},"end":{"line":254,"column":32}},"loc":{"start":{"line":254,"column":37},"end":{"line":254,"column":58}},"line":254},"29":{"name":"Row","decl":{"start":{"line":263,"column":9},"end":{"line":263,"column":12}},"loc":{"start":{"line":263,"column":65},"end":{"line":270,"column":1}},"line":263}},"branchMap":{"0":{"loc":{"start":{"line":52,"column":42},"end":{"line":52,"column":97}},"type":"cond-expr","locations":[{"start":{"line":52,"column":60},"end":{"line":52,"column":93}},{"start":{"line":52,"column":96},"end":{"line":52,"column":97}}],"line":52},"1":{"loc":{"start":{"line":53,"column":6},"end":{"line":55,"column":7}},"type":"if","locations":[{"start":{"line":53,"column":6},"end":{"line":55,"column":7}},{"start":{},"end":{}}],"line":53},"2":{"loc":{"start":{"line":54,"column":31},"end":{"line":54,"column":63}},"type":"cond-expr","locations":[{"start":{"line":54,"column":35},"end":{"line":54,"column":59}},{"start":{"line":54,"column":62},"end":{"line":54,"column":63}}],"line":54},"3":{"loc":{"start":{"line":57,"column":15},"end":{"line":57,"column":63}},"type":"cond-expr","locations":[{"start":{"line":57,"column":36},"end":{"line":57,"column":45}},{"start":{"line":57,"column":48},"end":{"line":57,"column":63}}],"line":57},"4":{"loc":{"start":{"line":67,"column":44},"end":{"line":67,"column":92}},"type":"cond-expr","locations":[{"start":{"line":67,"column":64},"end":{"line":67,"column":88}},{"start":{"line":67,"column":91},"end":{"line":67,"column":92}}],"line":67},"5":{"loc":{"start":{"line":69,"column":15},"end":{"line":69,"column":63}},"type":"cond-expr","locations":[{"start":{"line":69,"column":36},"end":{"line":69,"column":45}},{"start":{"line":69,"column":48},"end":{"line":69,"column":63}}],"line":69},"6":{"loc":{"start":{"line":75,"column":2},"end":{"line":75,"column":92}},"type":"if","locations":[{"start":{"line":75,"column":2},"end":{"line":75,"column":92}},{"start":{},"end":{}}],"line":75},"7":{"loc":{"start":{"line":105,"column":7},"end":{"line":105,"column":101}},"type":"binary-expr","locations":[{"start":{"line":105,"column":7},"end":{"line":105,"column":12}},{"start":{"line":105,"column":16},"end":{"line":105,"column":101}}],"line":105},"8":{"loc":{"start":{"line":113,"column":7},"end":{"line":156,"column":7}},"type":"binary-expr","locations":[{"start":{"line":113,"column":7},"end":{"line":113,"column":16}},{"start":{"line":114,"column":8},"end":{"line":155,"column":14}}],"line":113},"9":{"loc":{"start":{"line":115,"column":11},"end":{"line":154,"column":11}},"type":"cond-expr","locations":[{"start":{"line":116,"column":12},"end":{"line":116,"column":82}},{"start":{"line":118,"column":12},"end":{"line":153,"column":14}}],"line":115},"10":{"loc":{"start":{"line":131,"column":21},"end":{"line":135,"column":21}},"type":"binary-expr","locations":[{"start":{"line":131,"column":22},"end":{"line":131,"column":34}},{"start":{"line":131,"column":38},"end":{"line":131,"column":49}},{"start":{"line":132,"column":22},"end":{"line":134,"column":26}}],"line":131},"11":{"loc":{"start":{"line":133,"column":39},"end":{"line":133,"column":77}},"type":"cond-expr","locations":[{"start":{"line":133,"column":53},"end":{"line":133,"column":72}},{"start":{"line":133,"column":75},"end":{"line":133,"column":77}}],"line":133},"12":{"loc":{"start":{"line":139,"column":46},"end":{"line":139,"column":76}},"type":"binary-expr","locations":[{"start":{"line":139,"column":46},"end":{"line":139,"column":63}},{"start":{"line":139,"column":67},"end":{"line":139,"column":76}}],"line":139},"13":{"loc":{"start":{"line":140,"column":19},"end":{"line":150,"column":19}},"type":"binary-expr","locations":[{"start":{"line":140,"column":19},"end":{"line":140,"column":36}},{"start":{"line":141,"column":20},"end":{"line":149,"column":29}}],"line":140},"14":{"loc":{"start":{"line":148,"column":23},"end":{"line":148,"column":67}},"type":"cond-expr","locations":[{"start":{"line":148,"column":48},"end":{"line":148,"column":51}},{"start":{"line":148,"column":54},"end":{"line":148,"column":67}}],"line":148},"15":{"loc":{"start":{"line":159,"column":7},"end":{"line":200,"column":7}},"type":"binary-expr","locations":[{"start":{"line":159,"column":7},"end":{"line":159,"column":16}},{"start":{"line":160,"column":8},"end":{"line":199,"column":14}}],"line":159},"16":{"loc":{"start":{"line":161,"column":11},"end":{"line":198,"column":11}},"type":"cond-expr","locations":[{"start":{"line":162,"column":12},"end":{"line":162,"column":82}},{"start":{"line":164,"column":12},"end":{"line":197,"column":14}}],"line":161},"17":{"loc":{"start":{"line":165,"column":96},"end":{"line":165,"column":156}},"type":"cond-expr","locations":[{"start":{"line":165,"column":109},"end":{"line":165,"column":136}},{"start":{"line":165,"column":139},"end":{"line":165,"column":156}}],"line":165},"18":{"loc":{"start":{"line":180,"column":21},"end":{"line":193,"column":21}},"type":"cond-expr","locations":[{"start":{"line":181,"column":22},"end":{"line":181,"column":72}},{"start":{"line":183,"column":22},"end":{"line":192,"column":31}}],"line":180},"19":{"loc":{"start":{"line":191,"column":25},"end":{"line":191,"column":62}},"type":"cond-expr","locations":[{"start":{"line":191,"column":50},"end":{"line":191,"column":53}},{"start":{"line":191,"column":56},"end":{"line":191,"column":62}}],"line":191},"20":{"loc":{"start":{"line":204,"column":9},"end":{"line":257,"column":9}},"type":"binary-expr","locations":[{"start":{"line":204,"column":9},"end":{"line":204,"column":21}},{"start":{"line":205,"column":10},"end":{"line":256,"column":13}}],"line":204},"21":{"loc":{"start":{"line":214,"column":55},"end":{"line":214,"column":96}},"type":"binary-expr","locations":[{"start":{"line":214,"column":55},"end":{"line":214,"column":83}},{"start":{"line":214,"column":87},"end":{"line":214,"column":96}}],"line":214},"22":{"loc":{"start":{"line":221,"column":17},"end":{"line":221,"column":102}},"type":"binary-expr","locations":[{"start":{"line":221,"column":17},"end":{"line":221,"column":40}},{"start":{"line":221,"column":44},"end":{"line":221,"column":102}}],"line":221},"23":{"loc":{"start":{"line":222,"column":17},"end":{"line":222,"column":99}},"type":"binary-expr","locations":[{"start":{"line":222,"column":17},"end":{"line":222,"column":39}},{"start":{"line":222,"column":43},"end":{"line":222,"column":99}}],"line":222},"24":{"loc":{"start":{"line":223,"column":17},"end":{"line":223,"column":93}},"type":"binary-expr","locations":[{"start":{"line":223,"column":17},"end":{"line":223,"column":37}},{"start":{"line":223,"column":41},"end":{"line":223,"column":93}}],"line":223},"25":{"loc":{"start":{"line":224,"column":17},"end":{"line":229,"column":17}},"type":"binary-expr","locations":[{"start":{"line":224,"column":17},"end":{"line":224,"column":33}},{"start":{"line":225,"column":18},"end":{"line":228,"column":24}}],"line":224},"26":{"loc":{"start":{"line":234,"column":15},"end":{"line":244,"column":15}},"type":"binary-expr","locations":[{"start":{"line":234,"column":15},"end":{"line":234,"column":43}},{"start":{"line":235,"column":16},"end":{"line":243,"column":25}}],"line":234},"27":{"loc":{"start":{"line":245,"column":15},"end":{"line":253,"column":15}},"type":"binary-expr","locations":[{"start":{"line":245,"column":15},"end":{"line":245,"column":45}},{"start":{"line":246,"column":16},"end":{"line":252,"column":25}}],"line":245}},"s":{"0":0,"1":0,"2":0,"3":0,"4":0,"5":0,"6":0,"7":0,"8":0,"9":0,"10":0,"11":0,"12":0,"13":0,"14":0,"15":0,"16":0,"17":0,"18":0,"19":0,"20":0,"21":0,"22":0,"23":0,"24":0,"25":0,"26":0,"27":0,"28":0,"29":0,"30":0,"31":0,"32":0,"33":0,"34":0,"35":0,"36":0,"37":0,"38":0,"39":0,"40":0,"41":0,"42":0,"43":0,"44":0,"45":0,"46":0,"47":0,"48":0,"49":0,"50":0,"51":0,"52":0,"53":0,"54":0,"55":0,"56":0,"57":0,"58":0,"59":0,"60":0,"61":0,"62":0,"63":0,"64":0,"65":0},"f":{"0":0,"1":0,"2":0,"3":0,"4":0,"5":0,"6":0,"7":0,"8":0,"9":0,"10":0,"11":0,"12":0,"13":0,"14":0,"15":0,"16":0,"17":0,"18":0,"19":0,"20":0,"21":0,"22":0,"23":0,"24":0,"25":0,"26":0,"27":0,"28":0,"29":0},"b":{"0":[0,0],"1":[0,0],"2":[0,0],"3":[0,0],"4":[0,0],"5":[0,0],"6":[0,0],"7":[0,0],"8":[0,0],"9":[0,0],"10":[0,0,0],"11":[0,0],"12":[0,0],"13":[0,0],"14":[0,0],"15":[0,0],"16":[0,0],"17":[0,0],"18":[0,0],"19":[0,0],"20":[0,0],"21":[0,0],"22":[0,0],"23":[0,0],"24":[0,0],"25":[0,0],"26":[0,0],"27":[0,0]}}
,"/Users/paccy/Desktop/projects/RCAA/free-mentors/free-mentors-fn/src/pages/auth/Login.tsx": {"path":"/Users/paccy/Desktop/projects/RCAA/free-mentors/free-mentors-fn/src/pages/auth/Login.tsx","statementMap":{"0":{"start":{"line":11,"column":28},"end":{"line":11,"column":40}},"1":{"start":{"line":12,"column":34},"end":{"line":12,"column":46}},"2":{"start":{"line":13,"column":28},"end":{"line":13,"column":40}},"3":{"start":{"line":14,"column":32},"end":{"line":14,"column":47}},"4":{"start":{"line":15,"column":19},"end":{"line":15,"column":32}},"5":{"start":{"line":16,"column":19},"end":{"line":16,"column":32}},"6":{"start":{"line":18,"column":23},"end":{"line":32,"column":3}},"7":{"start":{"line":19,"column":4},"end":{"line":19,"column":23}},"8":{"start":{"line":20,"column":4},"end":{"line":20,"column":17}},"9":{"start":{"line":21,"column":4},"end":{"line":21,"column":21}},"10":{"start":{"line":22,"column":4},"end":{"line":31,"column":5}},"11":{"start":{"line":23,"column":19},"end":{"line":23,"column":80}},"12":{"start":{"line":24,"column":6},"end":{"line":24,"column":36}},"13":{"start":{"line":25,"column":19},"end":{"line":25,"column":39}},"14":{"start":{"line":26,"column":6},"end":{"line":26,"column":101}},"15":{"start":{"line":28,"column":6},"end":{"line":28,"column":68}},"16":{"start":{"line":30,"column":6},"end":{"line":30,"column":24}},"17":{"start":{"line":34,"column":2},"end":{"line":80,"column":4}},"18":{"start":{"line":47,"column":29},"end":{"line":47,"column":53}},"19":{"start":{"line":56,"column":29},"end":{"line":56,"column":56}}},"fnMap":{"0":{"name":"Login","decl":{"start":{"line":10,"column":24},"end":{"line":10,"column":29}},"loc":{"start":{"line":10,"column":32},"end":{"line":81,"column":1}},"line":10},"1":{"name":"(anonymous_1)","decl":{"start":{"line":18,"column":23},"end":{"line":18,"column":24}},"loc":{"start":{"line":18,"column":53},"end":{"line":32,"column":3}},"line":18},"2":{"name":"(anonymous_2)","decl":{"start":{"line":47,"column":22},"end":{"line":47,"column":23}},"loc":{"start":{"line":47,"column":29},"end":{"line":47,"column":53}},"line":47},"3":{"name":"(anonymous_3)","decl":{"start":{"line":56,"column":22},"end":{"line":56,"column":23}},"loc":{"start":{"line":56,"column":29},"end":{"line":56,"column":56}},"line":56}},"branchMap":{"0":{"loc":{"start":{"line":26,"column":15},"end":{"line":26,"column":99}},"type":"cond-expr","locations":[{"start":{"line":26,"column":35},"end":{"line":26,"column":54}},{"start":{"line":26,"column":57},"end":{"line":26,"column":99}}],"line":26},"1":{"loc":{"start":{"line":26,"column":57},"end":{"line":26,"column":99}},"type":"cond-expr","locations":[{"start":{"line":26,"column":76},"end":{"line":26,"column":84}},{"start":{"line":26,"column":87},"end":{"line":26,"column":99}}],"line":26},"2":{"loc":{"start":{"line":28,"column":15},"end":{"line":28,"column":66}},"type":"cond-expr","locations":[{"start":{"line":28,"column":38},"end":{"line":28,"column":49}},{"start":{"line":28,"column":52},"end":{"line":28,"column":66}}],"line":28},"3":{"loc":{"start":{"line":40,"column":9},"end":{"line":40,"column":74}},"type":"binary-expr","locations":[{"start":{"line":40,"column":9},"end":{"line":40,"column":14}},{"start":{"line":40,"column":18},"end":{"line":40,"column":74}}],"line":40},"4":{"loc":{"start":{"line":68,"column":13},"end":{"line":68,"column":81}},"type":"cond-expr","locations":[{"start":{"line":68,"column":23},"end":{"line":68,"column":69}},{"start":{"line":68,"column":72},"end":{"line":68,"column":81}}],"line":68}},"s":{"0":19,"1":19,"2":19,"3":19,"4":19,"5":19,"6":19,"7":3,"8":3,"9":3,"10":3,"11":3,"12":2,"13":2,"14":2,"15":1,"16":3,"17":19,"18":3,"19":3},"f":{"0":19,"1":3,"2":3,"3":3},"b":{"0":[0,2],"1":[0,2],"2":[1,0],"3":[19,1],"4":[3,16]},"_coverageSchema":"1a1c01bbd47fc00a2c39e90264f33305004495a9","hash":"e11c807c3bf85451d955ba057c113ea474473d50"}
,"/Users/paccy/Desktop/projects/RCAA/free-mentors/free-mentors-fn/src/pages/auth/Signup.tsx": {"path":"/Users/paccy/Desktop/projects/RCAA/free-mentors/free-mentors-fn/src/pages/auth/Signup.tsx","statementMap":{"0":{"start":{"line":22,"column":28},"end":{"line":25,"column":1}},"1":{"start":{"line":28,"column":26},"end":{"line":28,"column":55}},"2":{"start":{"line":29,"column":28},"end":{"line":29,"column":40}},"3":{"start":{"line":30,"column":32},"end":{"line":30,"column":47}},"4":{"start":{"line":31,"column":19},"end":{"line":31,"column":32}},"5":{"start":{"line":32,"column":19},"end":{"line":32,"column":32}},"6":{"start":{"line":34,"column":14},"end":{"line":35,"column":51}},"7":{"start":{"line":34,"column":39},"end":{"line":35,"column":51}},"8":{"start":{"line":35,"column":4},"end":{"line":35,"column":51}},"9":{"start":{"line":35,"column":20},"end":{"line":35,"column":49}},"10":{"start":{"line":37,"column":23},"end":{"line":50,"column":3}},"11":{"start":{"line":38,"column":4},"end":{"line":38,"column":23}},"12":{"start":{"line":39,"column":4},"end":{"line":39,"column":17}},"13":{"start":{"line":40,"column":4},"end":{"line":40,"column":21}},"14":{"start":{"line":41,"column":4},"end":{"line":49,"column":5}},"15":{"start":{"line":42,"column":19},"end":{"line":42,"column":67}},"16":{"start":{"line":43,"column":6},"end":{"line":43,"column":37}},"17":{"start":{"line":44,"column":6},"end":{"line":44,"column":29}},"18":{"start":{"line":46,"column":6},"end":{"line":46,"column":69}},"19":{"start":{"line":48,"column":6},"end":{"line":48,"column":24}},"20":{"start":{"line":52,"column":16},"end":{"line":62,"column":3}},"21":{"start":{"line":53,"column":4},"end":{"line":61,"column":6}},"22":{"start":{"line":64,"column":2},"end":{"line":113,"column":4}}},"fnMap":{"0":{"name":"Signup","decl":{"start":{"line":27,"column":24},"end":{"line":27,"column":30}},"loc":{"start":{"line":27,"column":33},"end":{"line":114,"column":1}},"line":27},"1":{"name":"(anonymous_1)","decl":{"start":{"line":34,"column":14},"end":{"line":34,"column":15}},"loc":{"start":{"line":34,"column":39},"end":{"line":35,"column":51}},"line":34},"2":{"name":"(anonymous_2)","decl":{"start":{"line":34,"column":39},"end":{"line":34,"column":40}},"loc":{"start":{"line":35,"column":4},"end":{"line":35,"column":51}},"line":35},"3":{"name":"(anonymous_3)","decl":{"start":{"line":35,"column":12},"end":{"line":35,"column":13}},"loc":{"start":{"line":35,"column":20},"end":{"line":35,"column":49}},"line":35},"4":{"name":"(anonymous_4)","decl":{"start":{"line":37,"column":23},"end":{"line":37,"column":24}},"loc":{"start":{"line":37,"column":53},"end":{"line":50,"column":3}},"line":37},"5":{"name":"(anonymous_5)","decl":{"start":{"line":52,"column":16},"end":{"line":52,"column":17}},"loc":{"start":{"line":53,"column":4},"end":{"line":61,"column":6}},"line":53}},"branchMap":{"0":{"loc":{"start":{"line":46,"column":15},"end":{"line":46,"column":67}},"type":"cond-expr","locations":[{"start":{"line":46,"column":38},"end":{"line":46,"column":49}},{"start":{"line":46,"column":52},"end":{"line":46,"column":67}}],"line":46},"1":{"loc":{"start":{"line":52,"column":53},"end":{"line":52,"column":66}},"type":"default-arg","locations":[{"start":{"line":52,"column":60},"end":{"line":52,"column":66}}],"line":52},"2":{"loc":{"start":{"line":52,"column":68},"end":{"line":52,"column":84}},"type":"default-arg","locations":[{"start":{"line":52,"column":79},"end":{"line":52,"column":84}}],"line":52},"3":{"loc":{"start":{"line":70,"column":9},"end":{"line":70,"column":74}},"type":"binary-expr","locations":[{"start":{"line":70,"column":9},"end":{"line":70,"column":14}},{"start":{"line":70,"column":18},"end":{"line":70,"column":74}}],"line":70},"4":{"loc":{"start":{"line":101,"column":13},"end":{"line":101,"column":88}},"type":"cond-expr","locations":[{"start":{"line":101,"column":23},"end":{"line":101,"column":69}},{"start":{"line":101,"column":72},"end":{"line":101,"column":88}}],"line":101}},"s":{"0":1,"1":26,"2":26,"3":26,"4":26,"5":26,"6":26,"7":208,"8":12,"9":12,"10":26,"11":3,"12":3,"13":3,"14":3,"15":3,"16":2,"17":2,"18":1,"19":3,"20":26,"21":182,"22":26},"f":{"0":26,"1":208,"2":12,"3":12,"4":3,"5":182},"b":{"0":[1,0],"1":[78],"2":[78],"3":[26,1],"4":[3,23]},"_coverageSchema":"1a1c01bbd47fc00a2c39e90264f33305004495a9","hash":"5e09148be46c0fb2f65c98e53d02b5e94b75c15d"}
,"/Users/paccy/Desktop/projects/RCAA/free-mentors/free-mentors-fn/src/pages/dashboard/Dashboard.tsx": {"path":"/Users/paccy/Desktop/projects/RCAA/free-mentors/free-mentors-fn/src/pages/dashboard/Dashboard.tsx","statementMap":{"0":{"start":{"line":10,"column":81},"end":{"line":14,"column":1}},"1":{"start":{"line":17,"column":26},"end":{"line":17,"column":63}},"2":{"start":{"line":17,"column":56},"end":{"line":17,"column":62}},"3":{"start":{"line":18,"column":34},"end":{"line":18,"column":67}},"4":{"start":{"line":19,"column":32},"end":{"line":19,"column":46}},"5":{"start":{"line":20,"column":28},"end":{"line":20,"column":40}},"6":{"start":{"line":22,"column":2},"end":{"line":27,"column":14}},"7":{"start":{"line":23,"column":4},"end":{"line":26,"column":40}},"8":{"start":{"line":24,"column":19},"end":{"line":24,"column":44}},"9":{"start":{"line":25,"column":20},"end":{"line":25,"column":39}},"10":{"start":{"line":26,"column":21},"end":{"line":26,"column":38}},"11":{"start":{"line":29,"column":2},"end":{"line":29,"column":92}},"12":{"start":{"line":29,"column":15},"end":{"line":29,"column":92}},"13":{"start":{"line":31,"column":2},"end":{"line":84,"column":4}},"14":{"start":{"line":51,"column":12},"end":{"line":79,"column":18}}},"fnMap":{"0":{"name":"Dashboard","decl":{"start":{"line":16,"column":24},"end":{"line":16,"column":33}},"loc":{"start":{"line":16,"column":36},"end":{"line":85,"column":1}},"line":16},"1":{"name":"(anonymous_1)","decl":{"start":{"line":17,"column":38},"end":{"line":17,"column":39}},"loc":{"start":{"line":17,"column":56},"end":{"line":17,"column":62}},"line":17},"2":{"name":"(anonymous_2)","decl":{"start":{"line":22,"column":12},"end":{"line":22,"column":13}},"loc":{"start":{"line":22,"column":18},"end":{"line":27,"column":3}},"line":22},"3":{"name":"(anonymous_3)","decl":{"start":{"line":24,"column":12},"end":{"line":24,"column":13}},"loc":{"start":{"line":24,"column":19},"end":{"line":24,"column":44}},"line":24},"4":{"name":"(anonymous_4)","decl":{"start":{"line":25,"column":13},"end":{"line":25,"column":14}},"loc":{"start":{"line":25,"column":20},"end":{"line":25,"column":39}},"line":25},"5":{"name":"(anonymous_5)","decl":{"start":{"line":26,"column":15},"end":{"line":26,"column":16}},"loc":{"start":{"line":26,"column":21},"end":{"line":26,"column":38}},"line":26},"6":{"name":"(anonymous_6)","decl":{"start":{"line":50,"column":24},"end":{"line":50,"column":25}},"loc":{"start":{"line":51,"column":12},"end":{"line":79,"column":18}},"line":51}},"branchMap":{"0":{"loc":{"start":{"line":29,"column":2},"end":{"line":29,"column":92}},"type":"if","locations":[{"start":{"line":29,"column":2},"end":{"line":29,"column":92}},{"start":{},"end":{}}],"line":29},"1":{"loc":{"start":{"line":36,"column":7},"end":{"line":36,"column":72}},"type":"binary-expr","locations":[{"start":{"line":36,"column":7},"end":{"line":36,"column":12}},{"start":{"line":36,"column":16},"end":{"line":36,"column":72}}],"line":36},"2":{"loc":{"start":{"line":38,"column":7},"end":{"line":82,"column":7}},"type":"cond-expr","locations":[{"start":{"line":39,"column":8},"end":{"line":47,"column":14}},{"start":{"line":49,"column":8},"end":{"line":81,"column":14}}],"line":38},"3":{"loc":{"start":{"line":58,"column":19},"end":{"line":62,"column":19}},"type":"binary-expr","locations":[{"start":{"line":58,"column":19},"end":{"line":58,"column":32}},{"start":{"line":59,"column":20},"end":{"line":61,"column":24}}],"line":58},"4":{"loc":{"start":{"line":69,"column":15},"end":{"line":78,"column":15}},"type":"binary-expr","locations":[{"start":{"line":69,"column":15},"end":{"line":69,"column":38}},{"start":{"line":70,"column":16},"end":{"line":77,"column":22}}],"line":69}},"s":{"0":0,"1":0,"2":0,"3":0,"4":0,"5":0,"6":0,"7":0,"8":0,"9":0,"10":0,"11":0,"12":0,"13":0,"14":0},"f":{"0":0,"1":0,"2":0,"3":0,"4":0,"5":0,"6":0},"b":{"0":[0,0],"1":[0,0],"2":[0,0],"3":[0,0],"4":[0,0]}}
,"/Users/paccy/Desktop/projects/RCAA/free-mentors/free-mentors-fn/src/pages/dashboard/MentorDashboard.tsx": {"path":"/Users/paccy/Desktop/projects/RCAA/free-mentors/free-mentors-fn/src/pages/dashboard/MentorDashboard.tsx","statementMap":{"0":{"start":{"line":10,"column":81},"end":{"line":14,"column":1}},"1":{"start":{"line":17,"column":26},"end":{"line":17,"column":63}},"2":{"start":{"line":17,"column":56},"end":{"line":17,"column":62}},"3":{"start":{"line":18,"column":34},"end":{"line":18,"column":67}},"4":{"start":{"line":19,"column":32},"end":{"line":19,"column":46}},"5":{"start":{"line":20,"column":28},"end":{"line":20,"column":40}},"6":{"start":{"line":21,"column":44},"end":{"line":21,"column":73}},"7":{"start":{"line":23,"column":24},"end":{"line":29,"column":3}},"8":{"start":{"line":24,"column":4},"end":{"line":24,"column":21}},"9":{"start":{"line":25,"column":4},"end":{"line":28,"column":40}},"10":{"start":{"line":26,"column":19},"end":{"line":26,"column":48}},"11":{"start":{"line":27,"column":20},"end":{"line":27,"column":39}},"12":{"start":{"line":28,"column":21},"end":{"line":28,"column":38}},"13":{"start":{"line":31,"column":2},"end":{"line":31,"column":36}},"14":{"start":{"line":33,"column":23},"end":{"line":44,"column":3}},"15":{"start":{"line":34,"column":4},"end":{"line":34,"column":41}},"16":{"start":{"line":35,"column":4},"end":{"line":43,"column":5}},"17":{"start":{"line":36,"column":23},"end":{"line":36,"column":77}},"18":{"start":{"line":37,"column":6},"end":{"line":37,"column":48}},"19":{"start":{"line":38,"column":6},"end":{"line":38,"column":22}},"20":{"start":{"line":40,"column":6},"end":{"line":40,"column":65}},"21":{"start":{"line":42,"column":6},"end":{"line":42,"column":29}},"22":{"start":{"line":46,"column":2},"end":{"line":46,"column":92}},"23":{"start":{"line":46,"column":15},"end":{"line":46,"column":92}},"24":{"start":{"line":48,"column":2},"end":{"line":105,"column":4}},"25":{"start":{"line":62,"column":12},"end":{"line":100,"column":18}},"26":{"start":{"line":84,"column":35},"end":{"line":84,"column":63}},"27":{"start":{"line":93,"column":35},"end":{"line":93,"column":64}}},"fnMap":{"0":{"name":"MentorDashboard","decl":{"start":{"line":16,"column":24},"end":{"line":16,"column":39}},"loc":{"start":{"line":16,"column":42},"end":{"line":106,"column":1}},"line":16},"1":{"name":"(anonymous_1)","decl":{"start":{"line":17,"column":38},"end":{"line":17,"column":39}},"loc":{"start":{"line":17,"column":56},"end":{"line":17,"column":62}},"line":17},"2":{"name":"(anonymous_2)","decl":{"start":{"line":23,"column":24},"end":{"line":23,"column":25}},"loc":{"start":{"line":23,"column":30},"end":{"line":29,"column":3}},"line":23},"3":{"name":"(anonymous_3)","decl":{"start":{"line":26,"column":12},"end":{"line":26,"column":13}},"loc":{"start":{"line":26,"column":19},"end":{"line":26,"column":48}},"line":26},"4":{"name":"(anonymous_4)","decl":{"start":{"line":27,"column":13},"end":{"line":27,"column":14}},"loc":{"start":{"line":27,"column":20},"end":{"line":27,"column":39}},"line":27},"5":{"name":"(anonymous_5)","decl":{"start":{"line":28,"column":15},"end":{"line":28,"column":16}},"loc":{"start":{"line":28,"column":21},"end":{"line":28,"column":38}},"line":28},"6":{"name":"(anonymous_6)","decl":{"start":{"line":33,"column":23},"end":{"line":33,"column":24}},"loc":{"start":{"line":33,"column":82},"end":{"line":44,"column":3}},"line":33},"7":{"name":"(anonymous_7)","decl":{"start":{"line":61,"column":24},"end":{"line":61,"column":25}},"loc":{"start":{"line":62,"column":12},"end":{"line":100,"column":18}},"line":62},"8":{"name":"(anonymous_8)","decl":{"start":{"line":84,"column":29},"end":{"line":84,"column":30}},"loc":{"start":{"line":84,"column":35},"end":{"line":84,"column":63}},"line":84},"9":{"name":"(anonymous_9)","decl":{"start":{"line":93,"column":29},"end":{"line":93,"column":30}},"loc":{"start":{"line":93,"column":35},"end":{"line":93,"column":64}},"line":93}},"branchMap":{"0":{"loc":{"start":{"line":36,"column":23},"end":{"line":36,"column":77}},"type":"cond-expr","locations":[{"start":{"line":36,"column":45},"end":{"line":36,"column":59}},{"start":{"line":36,"column":62},"end":{"line":36,"column":77}}],"line":36},"1":{"loc":{"start":{"line":40,"column":15},"end":{"line":40,"column":63}},"type":"cond-expr","locations":[{"start":{"line":40,"column":36},"end":{"line":40,"column":45}},{"start":{"line":40,"column":48},"end":{"line":40,"column":63}}],"line":40},"2":{"loc":{"start":{"line":46,"column":2},"end":{"line":46,"column":92}},"type":"if","locations":[{"start":{"line":46,"column":2},"end":{"line":46,"column":92}},{"start":{},"end":{}}],"line":46},"3":{"loc":{"start":{"line":53,"column":7},"end":{"line":53,"column":72}},"type":"binary-expr","locations":[{"start":{"line":53,"column":7},"end":{"line":53,"column":12}},{"start":{"line":53,"column":16},"end":{"line":53,"column":72}}],"line":53},"4":{"loc":{"start":{"line":55,"column":7},"end":{"line":103,"column":7}},"type":"cond-expr","locations":[{"start":{"line":56,"column":8},"end":{"line":58,"column":14}},{"start":{"line":60,"column":8},"end":{"line":102,"column":14}}],"line":55},"5":{"loc":{"start":{"line":69,"column":19},"end":{"line":73,"column":19}},"type":"binary-expr","locations":[{"start":{"line":69,"column":19},"end":{"line":69,"column":32}},{"start":{"line":70,"column":20},"end":{"line":72,"column":24}}],"line":69},"6":{"loc":{"start":{"line":78,"column":15},"end":{"line":99,"column":15}},"type":"binary-expr","locations":[{"start":{"line":78,"column":15},"end":{"line":78,"column":37}},{"start":{"line":79,"column":16},"end":{"line":98,"column":22}}],"line":78}},"s":{"0":0,"1":0,"2":0,"3":0,"4":0,"5":0,"6":0,"7":0,"8":0,"9":0,"10":0,"11":0,"12":0,"13":0,"14":0,"15":0,"16":0,"17":0,"18":0,"19":0,"20":0,"21":0,"22":0,"23":0,"24":0,"25":0,"26":0,"27":0},"f":{"0":0,"1":0,"2":0,"3":0,"4":0,"5":0,"6":0,"7":0,"8":0,"9":0},"b":{"0":[0,0],"1":[0,0],"2":[0,0],"3":[0,0],"4":[0,0],"5":[0,0],"6":[0,0]}}
,"/Users/paccy/Desktop/projects/RCAA/free-mentors/free-mentors-fn/src/pages/mentors/MentorDetail.tsx": {"path":"/Users/paccy/Desktop/projects/RCAA/free-mentors/free-mentors-fn/src/pages/mentors/MentorDetail.tsx","statementMap":{"0":{"start":{"line":15,"column":17},"end":{"line":15,"column":44}},"1":{"start":{"line":16,"column":19},"end":{"line":16,"column":32}},"2":{"start":{"line":17,"column":26},"end":{"line":17,"column":63}},"3":{"start":{"line":17,"column":56},"end":{"line":17,"column":62}},"4":{"start":{"line":19,"column":30},"end":{"line":19,"column":57}},"5":{"start":{"line":20,"column":32},"end":{"line":20,"column":54}},"6":{"start":{"line":21,"column":32},"end":{"line":21,"column":46}},"7":{"start":{"line":22,"column":28},"end":{"line":22,"column":40}},"8":{"start":{"line":24,"column":40},"end":{"line":24,"column":55}},"9":{"start":{"line":25,"column":36},"end":{"line":25,"column":48}},"10":{"start":{"line":26,"column":40},"end":{"line":26,"column":52}},"11":{"start":{"line":27,"column":46},"end":{"line":27,"column":61}},"12":{"start":{"line":28,"column":42},"end":{"line":28,"column":54}},"13":{"start":{"line":30,"column":38},"end":{"line":30,"column":53}},"14":{"start":{"line":31,"column":28},"end":{"line":31,"column":47}},"15":{"start":{"line":32,"column":32},"end":{"line":32,"column":44}},"16":{"start":{"line":33,"column":44},"end":{"line":33,"column":59}},"17":{"start":{"line":34,"column":40},"end":{"line":34,"column":52}},"18":{"start":{"line":35,"column":44},"end":{"line":35,"column":59}},"19":{"start":{"line":37,"column":2},"end":{"line":49,"column":11}},"20":{"start":{"line":38,"column":4},"end":{"line":38,"column":20}},"21":{"start":{"line":38,"column":13},"end":{"line":38,"column":20}},"22":{"start":{"line":39,"column":4},"end":{"line":48,"column":40}},"23":{"start":{"line":44,"column":8},"end":{"line":44,"column":29}},"24":{"start":{"line":45,"column":8},"end":{"line":45,"column":37}},"25":{"start":{"line":47,"column":20},"end":{"line":47,"column":39}},"26":{"start":{"line":48,"column":21},"end":{"line":48,"column":38}},"27":{"start":{"line":51,"column":31},"end":{"line":67,"column":3}},"28":{"start":{"line":52,"column":4},"end":{"line":52,"column":47}},"29":{"start":{"line":52,"column":18},"end":{"line":52,"column":37}},"30":{"start":{"line":52,"column":38},"end":{"line":52,"column":45}},"31":{"start":{"line":53,"column":4},"end":{"line":53,"column":84}},"32":{"start":{"line":53,"column":24},"end":{"line":53,"column":74}},"33":{"start":{"line":53,"column":75},"end":{"line":53,"column":82}},"34":{"start":{"line":54,"column":4},"end":{"line":54,"column":24}},"35":{"start":{"line":55,"column":4},"end":{"line":55,"column":28}},"36":{"start":{"line":56,"column":4},"end":{"line":66,"column":5}},"37":{"start":{"line":57,"column":6},"end":{"line":57,"column":118}},"38":{"start":{"line":58,"column":6},"end":{"line":58,"column":28}},"39":{"start":{"line":59,"column":6},"end":{"line":59,"column":23}},"40":{"start":{"line":60,"column":6},"end":{"line":60,"column":25}},"41":{"start":{"line":61,"column":6},"end":{"line":61,"column":29}},"42":{"start":{"line":63,"column":6},"end":{"line":63,"column":65}},"43":{"start":{"line":65,"column":6},"end":{"line":65,"column":31}},"44":{"start":{"line":69,"column":23},"end":{"line":83,"column":3}},"45":{"start":{"line":70,"column":4},"end":{"line":70,"column":23}},"46":{"start":{"line":71,"column":4},"end":{"line":71,"column":27}},"47":{"start":{"line":72,"column":4},"end":{"line":82,"column":5}},"48":{"start":{"line":73,"column":6},"end":{"line":73,"column":72}},"49":{"start":{"line":74,"column":6},"end":{"line":74,"column":27}},"50":{"start":{"line":75,"column":6},"end":{"line":75,"column":29}},"51":{"start":{"line":76,"column":17},"end":{"line":76,"column":93}},"52":{"start":{"line":77,"column":6},"end":{"line":77,"column":35}},"53":{"start":{"line":79,"column":6},"end":{"line":79,"column":64}},"54":{"start":{"line":81,"column":6},"end":{"line":81,"column":30}},"55":{"start":{"line":85,"column":2},"end":{"line":85,"column":92}},"56":{"start":{"line":85,"column":15},"end":{"line":85,"column":92}},"57":{"start":{"line":86,"column":2},"end":{"line":86,"column":120}},"58":{"start":{"line":86,"column":24},"end":{"line":86,"column":120}},"59":{"start":{"line":88,"column":19},"end":{"line":90,"column":10}},"60":{"start":{"line":89,"column":32},"end":{"line":89,"column":43}},"61":{"start":{"line":92,"column":2},"end":{"line":243,"column":4}},"62":{"start":{"line":127,"column":29},"end":{"line":127,"column":49}},"63":{"start":{"line":133,"column":56},"end":{"line":133,"column":75}},"64":{"start":{"line":142,"column":35},"end":{"line":142,"column":53}},"65":{"start":{"line":160,"column":14},"end":{"line":168,"column":20}},"66":{"start":{"line":175,"column":48},"end":{"line":175,"column":69}},"67":{"start":{"line":183,"column":29},"end":{"line":183,"column":59}},"68":{"start":{"line":195,"column":29},"end":{"line":195,"column":57}},"69":{"start":{"line":200,"column":33},"end":{"line":200,"column":54}},"70":{"start":{"line":213,"column":47},"end":{"line":213,"column":67}},"71":{"start":{"line":219,"column":54},"end":{"line":219,"column":70}},"72":{"start":{"line":226,"column":29},"end":{"line":226,"column":55}},"73":{"start":{"line":231,"column":33},"end":{"line":231,"column":53}}},"fnMap":{"0":{"name":"MentorDetail","decl":{"start":{"line":14,"column":24},"end":{"line":14,"column":36}},"loc":{"start":{"line":14,"column":39},"end":{"line":244,"column":1}},"line":14},"1":{"name":"(anonymous_1)","decl":{"start":{"line":17,"column":38},"end":{"line":17,"column":39}},"loc":{"start":{"line":17,"column":56},"end":{"line":17,"column":62}},"line":17},"2":{"name":"(anonymous_2)","decl":{"start":{"line":37,"column":12},"end":{"line":37,"column":13}},"loc":{"start":{"line":37,"column":18},"end":{"line":49,"column":3}},"line":37},"3":{"name":"(anonymous_3)","decl":{"start":{"line":43,"column":12},"end":{"line":43,"column":13}},"loc":{"start":{"line":43,"column":26},"end":{"line":46,"column":7}},"line":43},"4":{"name":"(anonymous_4)","decl":{"start":{"line":47,"column":13},"end":{"line":47,"column":14}},"loc":{"start":{"line":47,"column":20},"end":{"line":47,"column":39}},"line":47},"5":{"name":"(anonymous_5)","decl":{"start":{"line":48,"column":15},"end":{"line":48,"column":16}},"loc":{"start":{"line":48,"column":21},"end":{"line":48,"column":38}},"line":48},"6":{"name":"(anonymous_6)","decl":{"start":{"line":51,"column":31},"end":{"line":51,"column":32}},"loc":{"start":{"line":51,"column":43},"end":{"line":67,"column":3}},"line":51},"7":{"name":"(anonymous_7)","decl":{"start":{"line":69,"column":23},"end":{"line":69,"column":24}},"loc":{"start":{"line":69,"column":35},"end":{"line":83,"column":3}},"line":69},"8":{"name":"(anonymous_8)","decl":{"start":{"line":89,"column":22},"end":{"line":89,"column":23}},"loc":{"start":{"line":89,"column":32},"end":{"line":89,"column":43}},"line":89},"9":{"name":"(anonymous_9)","decl":{"start":{"line":127,"column":23},"end":{"line":127,"column":24}},"loc":{"start":{"line":127,"column":29},"end":{"line":127,"column":49}},"line":127},"10":{"name":"(anonymous_10)","decl":{"start":{"line":133,"column":50},"end":{"line":133,"column":51}},"loc":{"start":{"line":133,"column":56},"end":{"line":133,"column":75}},"line":133},"11":{"name":"(anonymous_11)","decl":{"start":{"line":142,"column":29},"end":{"line":142,"column":30}},"loc":{"start":{"line":142,"column":35},"end":{"line":142,"column":53}},"line":142},"12":{"name":"(anonymous_12)","decl":{"start":{"line":159,"column":25},"end":{"line":159,"column":26}},"loc":{"start":{"line":160,"column":14},"end":{"line":168,"column":20}},"line":160},"13":{"name":"(anonymous_13)","decl":{"start":{"line":175,"column":42},"end":{"line":175,"column":43}},"loc":{"start":{"line":175,"column":48},"end":{"line":175,"column":69}},"line":175},"14":{"name":"(anonymous_14)","decl":{"start":{"line":183,"column":22},"end":{"line":183,"column":23}},"loc":{"start":{"line":183,"column":29},"end":{"line":183,"column":59}},"line":183},"15":{"name":"(anonymous_15)","decl":{"start":{"line":195,"column":22},"end":{"line":195,"column":23}},"loc":{"start":{"line":195,"column":29},"end":{"line":195,"column":57}},"line":195},"16":{"name":"(anonymous_16)","decl":{"start":{"line":200,"column":27},"end":{"line":200,"column":28}},"loc":{"start":{"line":200,"column":33},"end":{"line":200,"column":54}},"line":200},"17":{"name":"(anonymous_17)","decl":{"start":{"line":213,"column":41},"end":{"line":213,"column":42}},"loc":{"start":{"line":213,"column":47},"end":{"line":213,"column":67}},"line":213},"18":{"name":"(anonymous_18)","decl":{"start":{"line":219,"column":44},"end":{"line":219,"column":45}},"loc":{"start":{"line":219,"column":54},"end":{"line":219,"column":70}},"line":219},"19":{"name":"(anonymous_19)","decl":{"start":{"line":226,"column":22},"end":{"line":226,"column":23}},"loc":{"start":{"line":226,"column":29},"end":{"line":226,"column":55}},"line":226},"20":{"name":"(anonymous_20)","decl":{"start":{"line":231,"column":27},"end":{"line":231,"column":28}},"loc":{"start":{"line":231,"column":33},"end":{"line":231,"column":53}},"line":231}},"branchMap":{"0":{"loc":{"start":{"line":38,"column":4},"end":{"line":38,"column":20}},"type":"if","locations":[{"start":{"line":38,"column":4},"end":{"line":38,"column":20}},{"start":{},"end":{}}],"line":38},"1":{"loc":{"start":{"line":52,"column":4},"end":{"line":52,"column":47}},"type":"if","locations":[{"start":{"line":52,"column":4},"end":{"line":52,"column":47}},{"start":{},"end":{}}],"line":52},"2":{"loc":{"start":{"line":53,"column":4},"end":{"line":53,"column":84}},"type":"if","locations":[{"start":{"line":53,"column":4},"end":{"line":53,"column":84}},{"start":{},"end":{}}],"line":53},"3":{"loc":{"start":{"line":63,"column":22},"end":{"line":63,"column":63}},"type":"cond-expr","locations":[{"start":{"line":63,"column":43},"end":{"line":63,"column":52}},{"start":{"line":63,"column":55},"end":{"line":63,"column":63}}],"line":63},"4":{"loc":{"start":{"line":79,"column":21},"end":{"line":79,"column":62}},"type":"cond-expr","locations":[{"start":{"line":79,"column":42},"end":{"line":79,"column":51}},{"start":{"line":79,"column":54},"end":{"line":79,"column":62}}],"line":79},"5":{"loc":{"start":{"line":85,"column":2},"end":{"line":85,"column":92}},"type":"if","locations":[{"start":{"line":85,"column":2},"end":{"line":85,"column":92}},{"start":{},"end":{}}],"line":85},"6":{"loc":{"start":{"line":86,"column":2},"end":{"line":86,"column":120}},"type":"if","locations":[{"start":{"line":86,"column":2},"end":{"line":86,"column":120}},{"start":{},"end":{}}],"line":86},"7":{"loc":{"start":{"line":86,"column":6},"end":{"line":86,"column":22}},"type":"binary-expr","locations":[{"start":{"line":86,"column":6},"end":{"line":86,"column":11}},{"start":{"line":86,"column":15},"end":{"line":86,"column":22}}],"line":86},"8":{"loc":{"start":{"line":86,"column":77},"end":{"line":86,"column":104}},"type":"binary-expr","locations":[{"start":{"line":86,"column":77},"end":{"line":86,"column":82}},{"start":{"line":86,"column":86},"end":{"line":86,"column":104}}],"line":86},"9":{"loc":{"start":{"line":88,"column":19},"end":{"line":90,"column":10}},"type":"cond-expr","locations":[{"start":{"line":89,"column":6},"end":{"line":89,"column":76}},{"start":{"line":90,"column":6},"end":{"line":90,"column":10}}],"line":88},"10":{"loc":{"start":{"line":108,"column":13},"end":{"line":110,"column":13}},"type":"binary-expr","locations":[{"start":{"line":108,"column":13},"end":{"line":108,"column":27}},{"start":{"line":109,"column":14},"end":{"line":109,"column":76}}],"line":108},"11":{"loc":{"start":{"line":111,"column":13},"end":{"line":116,"column":13}},"type":"binary-expr","locations":[{"start":{"line":111,"column":13},"end":{"line":111,"column":21}},{"start":{"line":112,"column":14},"end":{"line":115,"column":20}}],"line":111},"12":{"loc":{"start":{"line":119,"column":9},"end":{"line":121,"column":9}},"type":"binary-expr","locations":[{"start":{"line":119,"column":9},"end":{"line":119,"column":19}},{"start":{"line":120,"column":10},"end":{"line":120,"column":76}}],"line":119},"13":{"loc":{"start":{"line":123,"column":9},"end":{"line":138,"column":9}},"type":"binary-expr","locations":[{"start":{"line":123,"column":9},"end":{"line":123,"column":14}},{"start":{"line":123,"column":18},"end":{"line":123,"column":40}},{"start":{"line":123,"column":44},"end":{"line":123,"column":59}},{"start":{"line":124,"column":10},"end":{"line":137,"column":16}}],"line":123},"14":{"loc":{"start":{"line":132,"column":13},"end":{"line":136,"column":13}},"type":"binary-expr","locations":[{"start":{"line":132,"column":13},"end":{"line":132,"column":34}},{"start":{"line":133,"column":14},"end":{"line":135,"column":23}}],"line":132},"15":{"loc":{"start":{"line":139,"column":9},"end":{"line":139,"column":94}},"type":"binary-expr","locations":[{"start":{"line":139,"column":9},"end":{"line":139,"column":22}},{"start":{"line":139,"column":26},"end":{"line":139,"column":94}}],"line":139},"16":{"loc":{"start":{"line":140,"column":9},"end":{"line":147,"column":9}},"type":"binary-expr","locations":[{"start":{"line":140,"column":9},"end":{"line":140,"column":15}},{"start":{"line":141,"column":10},"end":{"line":146,"column":14}}],"line":140},"17":{"loc":{"start":{"line":155,"column":9},"end":{"line":171,"column":9}},"type":"cond-expr","locations":[{"start":{"line":156,"column":10},"end":{"line":156,"column":58}},{"start":{"line":158,"column":10},"end":{"line":170,"column":16}}],"line":155},"18":{"loc":{"start":{"line":178,"column":11},"end":{"line":178,"column":73}},"type":"binary-expr","locations":[{"start":{"line":178,"column":11},"end":{"line":178,"column":23}},{"start":{"line":178,"column":27},"end":{"line":178,"column":73}}],"line":178},"19":{"loc":{"start":{"line":204,"column":22},"end":{"line":204,"column":73}},"type":"binary-expr","locations":[{"start":{"line":204,"column":22},"end":{"line":204,"column":39}},{"start":{"line":204,"column":43},"end":{"line":204,"column":55}},{"start":{"line":204,"column":59},"end":{"line":204,"column":73}}],"line":204},"20":{"loc":{"start":{"line":207,"column":13},"end":{"line":207,"column":93}},"type":"cond-expr","locations":[{"start":{"line":207,"column":30},"end":{"line":207,"column":76}},{"start":{"line":207,"column":79},"end":{"line":207,"column":93}}],"line":207},"21":{"loc":{"start":{"line":216,"column":11},"end":{"line":216,"column":71}},"type":"binary-expr","locations":[{"start":{"line":216,"column":11},"end":{"line":216,"column":22}},{"start":{"line":216,"column":26},"end":{"line":216,"column":71}}],"line":216},"22":{"loc":{"start":{"line":219,"column":63},"end":{"line":219,"column":69}},"type":"binary-expr","locations":[{"start":{"line":219,"column":63},"end":{"line":219,"column":64}},{"start":{"line":219,"column":68},"end":{"line":219,"column":69}}],"line":219},"23":{"loc":{"start":{"line":235,"column":22},"end":{"line":235,"column":54}},"type":"binary-expr","locations":[{"start":{"line":235,"column":22},"end":{"line":235,"column":37}},{"start":{"line":235,"column":41},"end":{"line":235,"column":54}}],"line":235},"24":{"loc":{"start":{"line":238,"column":13},"end":{"line":238,"column":93}},"type":"cond-expr","locations":[{"start":{"line":238,"column":29},"end":{"line":238,"column":75}},{"start":{"line":238,"column":78},"end":{"line":238,"column":93}}],"line":238}},"s":{"0":0,"1":0,"2":0,"3":0,"4":0,"5":0,"6":0,"7":0,"8":0,"9":0,"10":0,"11":0,"12":0,"13":0,"14":0,"15":0,"16":0,"17":0,"18":0,"19":0,"20":0,"21":0,"22":0,"23":0,"24":0,"25":0,"26":0,"27":0,"28":0,"29":0,"30":0,"31":0,"32":0,"33":0,"34":0,"35":0,"36":0,"37":0,"38":0,"39":0,"40":0,"41":0,"42":0,"43":0,"44":0,"45":0,"46":0,"47":0,"48":0,"49":0,"50":0,"51":0,"52":0,"53":0,"54":0,"55":0,"56":0,"57":0,"58":0,"59":0,"60":0,"61":0,"62":0,"63":0,"64":0,"65":0,"66":0,"67":0,"68":0,"69":0,"70":0,"71":0,"72":0,"73":0},"f":{"0":0,"1":0,"2":0,"3":0,"4":0,"5":0,"6":0,"7":0,"8":0,"9":0,"10":0,"11":0,"12":0,"13":0,"14":0,"15":0,"16":0,"17":0,"18":0,"19":0,"20":0},"b":{"0":[0,0],"1":[0,0],"2":[0,0],"3":[0,0],"4":[0,0],"5":[0,0],"6":[0,0],"7":[0,0],"8":[0,0],"9":[0,0],"10":[0,0],"11":[0,0],"12":[0,0],"13":[0,0,0,0],"14":[0,0],"15":[0,0],"16":[0,0],"17":[0,0],"18":[0,0],"19":[0,0,0],"20":[0,0],"21":[0,0],"22":[0,0],"23":[0,0],"24":[0,0]}}
,"/Users/paccy/Desktop/projects/RCAA/free-mentors/free-mentors-fn/src/pages/mentors/MentorsList.tsx": {"path":"/Users/paccy/Desktop/projects/RCAA/free-mentors/free-mentors-fn/src/pages/mentors/MentorsList.tsx","statementMap":{"0":{"start":{"line":11,"column":32},"end":{"line":11,"column":69}},"1":{"start":{"line":11,"column":62},"end":{"line":11,"column":68}},"2":{"start":{"line":12,"column":32},"end":{"line":12,"column":52}},"3":{"start":{"line":13,"column":32},"end":{"line":13,"column":46}},"4":{"start":{"line":14,"column":28},"end":{"line":14,"column":40}},"5":{"start":{"line":15,"column":30},"end":{"line":15,"column":42}},"6":{"start":{"line":17,"column":2},"end":{"line":22,"column":9}},"7":{"start":{"line":18,"column":4},"end":{"line":21,"column":40}},"8":{"start":{"line":19,"column":19},"end":{"line":19,"column":40}},"9":{"start":{"line":20,"column":20},"end":{"line":20,"column":39}},"10":{"start":{"line":21,"column":21},"end":{"line":21,"column":38}},"11":{"start":{"line":24,"column":2},"end":{"line":24,"column":92}},"12":{"start":{"line":24,"column":15},"end":{"line":24,"column":92}},"13":{"start":{"line":25,"column":2},"end":{"line":25,"column":87}},"14":{"start":{"line":25,"column":13},"end":{"line":25,"column":87}},"15":{"start":{"line":27,"column":19},"end":{"line":37,"column":6}},"16":{"start":{"line":28,"column":19},"end":{"line":28,"column":43}},"17":{"start":{"line":30,"column":6},"end":{"line":30,"column":38}},"18":{"start":{"line":30,"column":26},"end":{"line":30,"column":38}},"19":{"start":{"line":31,"column":16},"end":{"line":31,"column":36}},"20":{"start":{"line":32,"column":6},"end":{"line":36,"column":8}},"21":{"start":{"line":39,"column":2},"end":{"line":141,"column":4}},"22":{"start":{"line":59,"column":27},"end":{"line":59,"column":52}},"23":{"start":{"line":65,"column":27},"end":{"line":65,"column":40}},"24":{"start":{"line":82,"column":31},"end":{"line":82,"column":44}},"25":{"start":{"line":104,"column":14},"end":{"line":135,"column":20}},"26":{"start":{"line":118,"column":75},"end":{"line":118,"column":85}},"27":{"start":{"line":119,"column":20},"end":{"line":121,"column":27}}},"fnMap":{"0":{"name":"MentorsList","decl":{"start":{"line":10,"column":24},"end":{"line":10,"column":35}},"loc":{"start":{"line":10,"column":38},"end":{"line":142,"column":1}},"line":10},"1":{"name":"(anonymous_1)","decl":{"start":{"line":11,"column":44},"end":{"line":11,"column":45}},"loc":{"start":{"line":11,"column":62},"end":{"line":11,"column":68}},"line":11},"2":{"name":"(anonymous_2)","decl":{"start":{"line":17,"column":12},"end":{"line":17,"column":13}},"loc":{"start":{"line":17,"column":18},"end":{"line":22,"column":3}},"line":17},"3":{"name":"(anonymous_3)","decl":{"start":{"line":19,"column":12},"end":{"line":19,"column":13}},"loc":{"start":{"line":19,"column":19},"end":{"line":19,"column":40}},"line":19},"4":{"name":"(anonymous_4)","decl":{"start":{"line":20,"column":13},"end":{"line":20,"column":14}},"loc":{"start":{"line":20,"column":20},"end":{"line":20,"column":39}},"line":20},"5":{"name":"(anonymous_5)","decl":{"start":{"line":21,"column":15},"end":{"line":21,"column":16}},"loc":{"start":{"line":21,"column":21},"end":{"line":21,"column":38}},"line":21},"6":{"name":"(anonymous_6)","decl":{"start":{"line":28,"column":12},"end":{"line":28,"column":13}},"loc":{"start":{"line":28,"column":19},"end":{"line":28,"column":43}},"line":28},"7":{"name":"(anonymous_7)","decl":{"start":{"line":29,"column":12},"end":{"line":29,"column":13}},"loc":{"start":{"line":29,"column":19},"end":{"line":37,"column":5}},"line":29},"8":{"name":"(anonymous_8)","decl":{"start":{"line":59,"column":20},"end":{"line":59,"column":21}},"loc":{"start":{"line":59,"column":27},"end":{"line":59,"column":52}},"line":59},"9":{"name":"(anonymous_9)","decl":{"start":{"line":65,"column":21},"end":{"line":65,"column":22}},"loc":{"start":{"line":65,"column":27},"end":{"line":65,"column":40}},"line":65},"10":{"name":"(anonymous_10)","decl":{"start":{"line":82,"column":25},"end":{"line":82,"column":26}},"loc":{"start":{"line":82,"column":31},"end":{"line":82,"column":44}},"line":82},"11":{"name":"(anonymous_11)","decl":{"start":{"line":103,"column":26},"end":{"line":103,"column":27}},"loc":{"start":{"line":104,"column":14},"end":{"line":135,"column":20}},"line":104},"12":{"name":"(anonymous_12)","decl":{"start":{"line":118,"column":66},"end":{"line":118,"column":67}},"loc":{"start":{"line":118,"column":75},"end":{"line":118,"column":85}},"line":118},"13":{"name":"(anonymous_13)","decl":{"start":{"line":118,"column":107},"end":{"line":118,"column":108}},"loc":{"start":{"line":119,"column":20},"end":{"line":121,"column":27}},"line":119}},"branchMap":{"0":{"loc":{"start":{"line":24,"column":2},"end":{"line":24,"column":92}},"type":"if","locations":[{"start":{"line":24,"column":2},"end":{"line":24,"column":92}},{"start":{},"end":{}}],"line":24},"1":{"loc":{"start":{"line":25,"column":2},"end":{"line":25,"column":87}},"type":"if","locations":[{"start":{"line":25,"column":2},"end":{"line":25,"column":87}},{"start":{},"end":{}}],"line":25},"2":{"loc":{"start":{"line":30,"column":6},"end":{"line":30,"column":38}},"type":"if","locations":[{"start":{"line":30,"column":6},"end":{"line":30,"column":38}},{"start":{},"end":{}}],"line":30},"3":{"loc":{"start":{"line":33,"column":8},"end":{"line":35,"column":53}},"type":"binary-expr","locations":[{"start":{"line":33,"column":8},"end":{"line":33,"column":64}},{"start":{"line":34,"column":8},"end":{"line":34,"column":54}},{"start":{"line":35,"column":8},"end":{"line":35,"column":53}}],"line":33},"4":{"loc":{"start":{"line":34,"column":9},"end":{"line":34,"column":27}},"type":"binary-expr","locations":[{"start":{"line":34,"column":9},"end":{"line":34,"column":21}},{"start":{"line":34,"column":25},"end":{"line":34,"column":27}}],"line":34},"5":{"loc":{"start":{"line":35,"column":9},"end":{"line":35,"column":26}},"type":"binary-expr","locations":[{"start":{"line":35,"column":9},"end":{"line":35,"column":20}},{"start":{"line":35,"column":24},"end":{"line":35,"column":26}}],"line":35},"6":{"loc":{"start":{"line":63,"column":9},"end":{"line":71,"column":9}},"type":"binary-expr","locations":[{"start":{"line":63,"column":9},"end":{"line":63,"column":15}},{"start":{"line":64,"column":10},"end":{"line":70,"column":19}}],"line":63},"7":{"loc":{"start":{"line":74,"column":7},"end":{"line":139,"column":7}},"type":"cond-expr","locations":[{"start":{"line":75,"column":8},"end":{"line":95,"column":14}},{"start":{"line":97,"column":8},"end":{"line":138,"column":11}}],"line":74},"8":{"loc":{"start":{"line":76,"column":11},"end":{"line":94,"column":11}},"type":"cond-expr","locations":[{"start":{"line":77,"column":12},"end":{"line":87,"column":15}},{"start":{"line":89,"column":12},"end":{"line":93,"column":15}}],"line":76},"9":{"loc":{"start":{"line":99,"column":37},"end":{"line":99,"column":69}},"type":"cond-expr","locations":[{"start":{"line":99,"column":61},"end":{"line":99,"column":64}},{"start":{"line":99,"column":67},"end":{"line":99,"column":69}}],"line":99},"10":{"loc":{"start":{"line":100,"column":13},"end":{"line":100,"column":41}},"type":"binary-expr","locations":[{"start":{"line":100,"column":13},"end":{"line":100,"column":19}},{"start":{"line":100,"column":23},"end":{"line":100,"column":41}}],"line":100},"11":{"loc":{"start":{"line":118,"column":20},"end":{"line":118,"column":37}},"type":"binary-expr","locations":[{"start":{"line":118,"column":20},"end":{"line":118,"column":31}},{"start":{"line":118,"column":35},"end":{"line":118,"column":37}}],"line":118},"12":{"loc":{"start":{"line":125,"column":17},"end":{"line":127,"column":17}},"type":"binary-expr","locations":[{"start":{"line":125,"column":17},"end":{"line":125,"column":22}},{"start":{"line":126,"column":18},"end":{"line":126,"column":95}}],"line":125}},"s":{"0":22,"1":31,"2":22,"3":22,"4":22,"5":22,"6":22,"7":9,"8":8,"9":1,"10":9,"11":22,"12":9,"13":13,"14":1,"15":12,"16":33,"17":32,"18":20,"19":12,"20":12,"21":12,"22":4,"23":0,"24":0,"25":23,"26":46,"27":46},"f":{"0":22,"1":31,"2":9,"3":8,"4":1,"5":9,"6":33,"7":32,"8":4,"9":0,"10":0,"11":23,"12":46,"13":46},"b":{"0":[9,13],"1":[1,12],"2":[20,12],"3":[12,11,10],"4":[11,0],"5":[10,0],"6":[12,4],"7":[2,10],"8":[1,1],"9":[7,3],"10":[10,3],"11":[23,0],"12":[23,23]},"_coverageSchema":"1a1c01bbd47fc00a2c39e90264f33305004495a9","hash":"010d74613c1bb4055861f5d01d7d00fbd687c68a"}
,"/Users/paccy/Desktop/projects/RCAA/free-mentors/free-mentors-fn/src/store/authSlice.ts": {"path":"/Users/paccy/Desktop/projects/RCAA/free-mentors/free-mentors-fn/src/store/authSlice.ts","statementMap":{"0":{"start":{"line":10,"column":20},"end":{"line":10,"column":49}},"1":{"start":{"line":11,"column":19},"end":{"line":11,"column":47}},"2":{"start":{"line":13,"column":32},"end":{"line":16,"column":1}},"3":{"start":{"line":18,"column":18},"end":{"line":35,"column":2}},"4":{"start":{"line":23,"column":6},"end":{"line":23,"column":41}},"5":{"start":{"line":24,"column":6},"end":{"line":24,"column":39}},"6":{"start":{"line":25,"column":6},"end":{"line":25,"column":58}},"7":{"start":{"line":26,"column":6},"end":{"line":26,"column":72}},"8":{"start":{"line":29,"column":6},"end":{"line":29,"column":25}},"9":{"start":{"line":30,"column":6},"end":{"line":30,"column":24}},"10":{"start":{"line":31,"column":6},"end":{"line":31,"column":39}},"11":{"start":{"line":32,"column":6},"end":{"line":32,"column":38}},"12":{"start":{"line":37,"column":35},"end":{"line":37,"column":52}}},"fnMap":{"0":{"name":"(anonymous_0)","decl":{"start":{"line":22,"column":4},"end":{"line":22,"column":5}},"loc":{"start":{"line":22,"column":73},"end":{"line":27,"column":5}},"line":22},"1":{"name":"(anonymous_1)","decl":{"start":{"line":28,"column":4},"end":{"line":28,"column":5}},"loc":{"start":{"line":28,"column":18},"end":{"line":33,"column":5}},"line":28}},"branchMap":{"0":{"loc":{"start":{"line":15,"column":8},"end":{"line":15,"column":50}},"type":"cond-expr","locations":[{"start":{"line":15,"column":21},"end":{"line":15,"column":43}},{"start":{"line":15,"column":46},"end":{"line":15,"column":50}}],"line":15}},"s":{"0":7,"1":7,"2":7,"3":7,"4":8,"5":8,"6":8,"7":8,"8":2,"9":2,"10":2,"11":2,"12":7},"f":{"0":8,"1":2},"b":{"0":[0,7]},"_coverageSchema":"1a1c01bbd47fc00a2c39e90264f33305004495a9","hash":"12feb1d442942ef3b3369ea7f6e42974eb47c6ab"}
,"/Users/paccy/Desktop/projects/RCAA/free-mentors/free-mentors-fn/src/store/index.ts": {"path":"/Users/paccy/Desktop/projects/RCAA/free-mentors/free-mentors-fn/src/store/index.ts","statementMap":{"0":{"start":{"line":4,"column":21},"end":{"line":6,"column":2}}},"fnMap":{},"branchMap":{},"s":{"0":0},"f":{},"b":{}}
,"/Users/paccy/Desktop/projects/RCAA/free-mentors/free-mentors-fn/src/types/index.ts": {"path":"/Users/paccy/Desktop/projects/RCAA/free-mentors/free-mentors-fn/src/types/index.ts","statementMap":{},"fnMap":{},"branchMap":{},"s":{},"f":{},"b":{}}
}
