TN:
SF:src/App.tsx
FN:15,App
FNF:1
FNH:0
FNDA:0,App
DA:16,0
LF:1
LH:0
BRF:0
BRH:0
end_of_record
TN:
SF:src/__tests__/testUtils.tsx
FN:14,createTestStore
FN:25,renderWithProviders
FN:31,Wrapper
FNF:3
FNH:3
FNDA:45,createTestStore
FNDA:45,renderWithProviders
FNDA:45,Wrapper
DA:15,45
DA:29,45
DA:32,45
DA:39,45
LF:4
LH:4
BRDA:27,0,0,32
BRF:1
BRH:1
end_of_record
TN:
SF:src/api/client.ts
FN:5,gql
FNF:1
FNH:0
FNDA:0,gql
DA:3,0
DA:10,0
DA:11,0
DA:13,0
DA:15,0
DA:16,0
DA:18,0
LF:7
LH:0
BRDA:3,0,0,0
BRDA:3,0,1,0
BRDA:11,1,0,0
BRDA:11,1,1,0
BRDA:15,2,0,0
BRDA:15,2,1,0
BRF:6
BRH:0
end_of_record
TN:
SF:src/api/mutations.ts
FNF:0
FNH:0
DA:1,2
DA:28,2
DA:37,2
DA:45,2
DA:54,2
DA:62,2
DA:70,2
DA:78,2
LF:8
LH:8
BRF:0
BRH:0
end_of_record
TN:
SF:src/api/queries.ts
FNF:0
FNH:0
DA:1,1
DA:9,1
DA:17,1
DA:26,1
DA:36,1
DA:46,1
DA:55,1
DA:63,1
LF:8
LH:8
BRF:0
BRH:0
end_of_record
TN:
SF:src/components/Footer.tsx
FN:3,Footer
FNF:1
FNH:0
FNDA:0,Footer
DA:4,0
LF:1
LH:0
BRF:0
BRH:0
end_of_record
TN:
SF:src/components/Navbar.tsx
FN:7,Navbar
FN:8,(anonymous_1)
FN:13,(anonymous_2)
FN:19,(anonymous_3)
FN:86,(anonymous_4)
FN:86,(anonymous_5)
FNF:6
FNH:4
FNDA:11,Navbar
FNDA:21,(anonymous_1)
FNDA:0,(anonymous_2)
FNDA:0,(anonymous_3)
FNDA:1,(anonymous_4)
FNDA:1,(anonymous_5)
DA:8,21
DA:9,11
DA:10,11
DA:11,11
DA:13,11
DA:14,0
DA:15,0
DA:16,0
DA:19,11
DA:21,11
DA:23,11
DA:86,1
LF:12
LH:9
BRDA:21,0,0,6
BRDA:21,0,1,5
BRDA:37,1,0,6
BRDA:37,1,1,5
BRDA:39,2,0,6
BRDA:39,2,1,1
BRDA:45,3,0,1
BRDA:45,3,1,5
BRDA:89,4,0,1
BRDA:89,4,1,10
BRDA:102,5,0,11
BRDA:102,5,1,1
BRDA:107,6,0,0
BRDA:107,6,1,1
BRDA:109,7,0,0
BRDA:109,7,1,0
BRDA:115,8,0,0
BRDA:115,8,1,0
BRF:18
BRH:13
end_of_record
TN:
SF:src/components/ProtectedRoute.tsx
FN:10,ProtectedRoute
FN:11,(anonymous_1)
FNF:2
FNH:2
FNDA:5,ProtectedRoute
FNDA:10,(anonymous_1)
DA:11,10
DA:13,5
DA:14,4
DA:16,3
LF:4
LH:4
BRDA:13,0,0,1
BRDA:13,0,1,4
BRDA:14,1,0,1
BRDA:14,1,1,3
BRDA:14,2,0,4
BRDA:14,2,1,3
BRDA:14,2,2,3
BRF:7
BRH:7
end_of_record
TN:
SF:src/pages/Landing.tsx
FN:60,Landing
FN:61,(anonymous_1)
FN:109,(anonymous_2)
FN:127,(anonymous_3)
FN:148,(anonymous_4)
FNF:5
FNH:5
FNDA:8,Landing
FNDA:16,(anonymous_1)
FNDA:32,(anonymous_2)
FNDA:24,(anonymous_3)
FNDA:24,(anonymous_4)
DA:5,1
DA:12,1
DA:42,1
DA:61,16
DA:63,8
DA:110,32
DA:128,24
DA:149,24
LF:8
LH:8
BRDA:79,0,0,2
BRDA:79,0,1,6
BRDA:167,1,0,8
BRDA:167,1,1,6
BRF:4
BRH:4
end_of_record
TN:
SF:src/pages/NotFound.tsx
FN:3,NotFound
FNF:1
FNH:0
FNDA:0,NotFound
DA:4,0
LF:1
LH:0
BRF:0
BRH:0
end_of_record
TN:
SF:src/pages/admin/AdminPanel.tsx
FN:20,AdminPanel
FN:21,(anonymous_1)
FN:32,(anonymous_2)
FN:38,(anonymous_3)
FN:42,(anonymous_4)
FN:43,(anonymous_5)
FN:48,(anonymous_6)
FN:52,(anonymous_7)
FN:52,(anonymous_8)
FN:54,(anonymous_9)
FN:63,(anonymous_10)
FN:67,(anonymous_11)
FN:67,(anonymous_12)
FN:77,(anonymous_13)
FN:78,(anonymous_14)
FN:79,(anonymous_15)
FN:80,(anonymous_16)
FN:97,(anonymous_17)
FN:105,(anonymous_18)
FN:107,(anonymous_19)
FN:118,(anonymous_20)
FN:121,(anonymous_21)
FN:144,(anonymous_22)
FN:164,(anonymous_23)
FN:187,(anonymous_24)
FN:203,(anonymous_25)
FN:238,(anonymous_26)
FN:249,(anonymous_27)
FN:254,(anonymous_28)
FN:263,Row
FNF:30
FNH:0
FNDA:0,AdminPanel
FNDA:0,(anonymous_1)
FNDA:0,(anonymous_2)
FNDA:0,(anonymous_3)
FNDA:0,(anonymous_4)
FNDA:0,(anonymous_5)
FNDA:0,(anonymous_6)
FNDA:0,(anonymous_7)
FNDA:0,(anonymous_8)
FNDA:0,(anonymous_9)
FNDA:0,(anonymous_10)
FNDA:0,(anonymous_11)
FNDA:0,(anonymous_12)
FNDA:0,(anonymous_13)
FNDA:0,(anonymous_14)
FNDA:0,(anonymous_15)
FNDA:0,(anonymous_16)
FNDA:0,(anonymous_17)
FNDA:0,(anonymous_18)
FNDA:0,(anonymous_19)
FNDA:0,(anonymous_20)
FNDA:0,(anonymous_21)
FNDA:0,(anonymous_22)
FNDA:0,(anonymous_23)
FNDA:0,(anonymous_24)
FNDA:0,(anonymous_25)
FNDA:0,(anonymous_26)
FNDA:0,(anonymous_27)
FNDA:0,(anonymous_28)
FNDA:0,Row
DA:14,0
DA:21,0
DA:22,0
DA:23,0
DA:25,0
DA:26,0
DA:27,0
DA:28,0
DA:29,0
DA:30,0
DA:32,0
DA:33,0
DA:34,0
DA:39,0
DA:40,0
DA:42,0
DA:43,0
DA:46,0
DA:48,0
DA:49,0
DA:50,0
DA:51,0
DA:52,0
DA:53,0
DA:54,0
DA:57,0
DA:59,0
DA:63,0
DA:64,0
DA:65,0
DA:66,0
DA:67,0
DA:69,0
DA:71,0
DA:75,0
DA:77,0
DA:78,0
DA:79,0
DA:80,0
DA:82,0
DA:98,0
DA:105,0
DA:107,0
DA:119,0
DA:121,0
DA:144,0
DA:165,0
DA:187,0
DA:203,0
DA:238,0
DA:249,0
DA:254,0
DA:264,0
LF:53
LH:0
BRDA:52,0,0,0
BRDA:52,0,1,0
BRDA:53,1,0,0
BRDA:53,1,1,0
BRDA:54,2,0,0
BRDA:54,2,1,0
BRDA:57,3,0,0
BRDA:57,3,1,0
BRDA:67,4,0,0
BRDA:67,4,1,0
BRDA:69,5,0,0
BRDA:69,5,1,0
BRDA:75,6,0,0
BRDA:75,6,1,0
BRDA:105,7,0,0
BRDA:105,7,1,0
BRDA:113,8,0,0
BRDA:113,8,1,0
BRDA:115,9,0,0
BRDA:115,9,1,0
BRDA:131,10,0,0
BRDA:131,10,1,0
BRDA:131,10,2,0
BRDA:133,11,0,0
BRDA:133,11,1,0
BRDA:139,12,0,0
BRDA:139,12,1,0
BRDA:140,13,0,0
BRDA:140,13,1,0
BRDA:148,14,0,0
BRDA:148,14,1,0
BRDA:159,15,0,0
BRDA:159,15,1,0
BRDA:161,16,0,0
BRDA:161,16,1,0
BRDA:165,17,0,0
BRDA:165,17,1,0
BRDA:180,18,0,0
BRDA:180,18,1,0
BRDA:191,19,0,0
BRDA:191,19,1,0
BRDA:204,20,0,0
BRDA:204,20,1,0
BRDA:214,21,0,0
BRDA:214,21,1,0
BRDA:221,22,0,0
BRDA:221,22,1,0
BRDA:222,23,0,0
BRDA:222,23,1,0
BRDA:223,24,0,0
BRDA:223,24,1,0
BRDA:224,25,0,0
BRDA:224,25,1,0
BRDA:234,26,0,0
BRDA:234,26,1,0
BRDA:245,27,0,0
BRDA:245,27,1,0
BRF:57
BRH:0
end_of_record
TN:
SF:src/pages/auth/Login.tsx
FN:10,Login
FN:18,(anonymous_1)
FN:47,(anonymous_2)
FN:56,(anonymous_3)
FNF:4
FNH:4
FNDA:19,Login
FNDA:3,(anonymous_1)
FNDA:3,(anonymous_2)
FNDA:3,(anonymous_3)
DA:11,19
DA:12,19
DA:13,19
DA:14,19
DA:15,19
DA:16,19
DA:18,19
DA:19,3
DA:20,3
DA:21,3
DA:22,3
DA:23,3
DA:24,2
DA:25,2
DA:26,2
DA:28,1
DA:30,3
DA:34,19
DA:47,3
DA:56,3
LF:20
LH:20
BRDA:26,0,0,0
BRDA:26,0,1,2
BRDA:26,1,0,0
BRDA:26,1,1,2
BRDA:28,2,0,1
BRDA:28,2,1,0
BRDA:40,3,0,19
BRDA:40,3,1,1
BRDA:68,4,0,3
BRDA:68,4,1,16
BRF:10
BRH:7
end_of_record
TN:
SF:src/pages/auth/Signup.tsx
FN:27,Signup
FN:34,(anonymous_1)
FN:34,(anonymous_2)
FN:35,(anonymous_3)
FN:37,(anonymous_4)
FN:52,(anonymous_5)
FNF:6
FNH:6
FNDA:26,Signup
FNDA:208,(anonymous_1)
FNDA:12,(anonymous_2)
FNDA:12,(anonymous_3)
FNDA:3,(anonymous_4)
FNDA:182,(anonymous_5)
DA:22,1
DA:28,26
DA:29,26
DA:30,26
DA:31,26
DA:32,26
DA:34,208
DA:35,12
DA:37,26
DA:38,3
DA:39,3
DA:40,3
DA:41,3
DA:42,3
DA:43,2
DA:44,2
DA:46,1
DA:48,3
DA:52,26
DA:53,182
DA:64,26
LF:21
LH:21
BRDA:46,0,0,1
BRDA:46,0,1,0
BRDA:52,1,0,78
BRDA:52,2,0,78
BRDA:70,3,0,26
BRDA:70,3,1,1
BRDA:101,4,0,3
BRDA:101,4,1,23
BRF:8
BRH:7
end_of_record
TN:
SF:src/pages/dashboard/Dashboard.tsx
FN:16,Dashboard
FN:17,(anonymous_1)
FN:22,(anonymous_2)
FN:24,(anonymous_3)
FN:25,(anonymous_4)
FN:26,(anonymous_5)
FN:50,(anonymous_6)
FNF:7
FNH:0
FNDA:0,Dashboard
FNDA:0,(anonymous_1)
FNDA:0,(anonymous_2)
FNDA:0,(anonymous_3)
FNDA:0,(anonymous_4)
FNDA:0,(anonymous_5)
FNDA:0,(anonymous_6)
DA:10,0
DA:17,0
DA:18,0
DA:19,0
DA:20,0
DA:22,0
DA:23,0
DA:24,0
DA:25,0
DA:26,0
DA:29,0
DA:31,0
DA:51,0
LF:13
LH:0
BRDA:29,0,0,0
BRDA:29,0,1,0
BRDA:36,1,0,0
BRDA:36,1,1,0
BRDA:38,2,0,0
BRDA:38,2,1,0
BRDA:58,3,0,0
BRDA:58,3,1,0
BRDA:69,4,0,0
BRDA:69,4,1,0
BRF:10
BRH:0
end_of_record
TN:
SF:src/pages/dashboard/MentorDashboard.tsx
FN:16,MentorDashboard
FN:17,(anonymous_1)
FN:23,(anonymous_2)
FN:26,(anonymous_3)
FN:27,(anonymous_4)
FN:28,(anonymous_5)
FN:33,(anonymous_6)
FN:61,(anonymous_7)
FN:84,(anonymous_8)
FN:93,(anonymous_9)
FNF:10
FNH:0
FNDA:0,MentorDashboard
FNDA:0,(anonymous_1)
FNDA:0,(anonymous_2)
FNDA:0,(anonymous_3)
FNDA:0,(anonymous_4)
FNDA:0,(anonymous_5)
FNDA:0,(anonymous_6)
FNDA:0,(anonymous_7)
FNDA:0,(anonymous_8)
FNDA:0,(anonymous_9)
DA:10,0
DA:17,0
DA:18,0
DA:19,0
DA:20,0
DA:21,0
DA:23,0
DA:24,0
DA:25,0
DA:26,0
DA:27,0
DA:28,0
DA:31,0
DA:33,0
DA:34,0
DA:35,0
DA:36,0
DA:37,0
DA:38,0
DA:40,0
DA:42,0
DA:46,0
DA:48,0
DA:62,0
DA:84,0
DA:93,0
LF:26
LH:0
BRDA:36,0,0,0
BRDA:36,0,1,0
BRDA:40,1,0,0
BRDA:40,1,1,0
BRDA:46,2,0,0
BRDA:46,2,1,0
BRDA:53,3,0,0
BRDA:53,3,1,0
BRDA:55,4,0,0
BRDA:55,4,1,0
BRDA:69,5,0,0
BRDA:69,5,1,0
BRDA:78,6,0,0
BRDA:78,6,1,0
BRF:14
BRH:0
end_of_record
TN:
SF:src/pages/mentors/MentorDetail.tsx
FN:14,MentorDetail
FN:17,(anonymous_1)
FN:37,(anonymous_2)
FN:43,(anonymous_3)
FN:47,(anonymous_4)
FN:48,(anonymous_5)
FN:51,(anonymous_6)
FN:69,(anonymous_7)
FN:89,(anonymous_8)
FN:127,(anonymous_9)
FN:133,(anonymous_10)
FN:142,(anonymous_11)
FN:159,(anonymous_12)
FN:175,(anonymous_13)
FN:183,(anonymous_14)
FN:195,(anonymous_15)
FN:200,(anonymous_16)
FN:213,(anonymous_17)
FN:219,(anonymous_18)
FN:226,(anonymous_19)
FN:231,(anonymous_20)
FNF:21
FNH:0
FNDA:0,MentorDetail
FNDA:0,(anonymous_1)
FNDA:0,(anonymous_2)
FNDA:0,(anonymous_3)
FNDA:0,(anonymous_4)
FNDA:0,(anonymous_5)
FNDA:0,(anonymous_6)
FNDA:0,(anonymous_7)
FNDA:0,(anonymous_8)
FNDA:0,(anonymous_9)
FNDA:0,(anonymous_10)
FNDA:0,(anonymous_11)
FNDA:0,(anonymous_12)
FNDA:0,(anonymous_13)
FNDA:0,(anonymous_14)
FNDA:0,(anonymous_15)
FNDA:0,(anonymous_16)
FNDA:0,(anonymous_17)
FNDA:0,(anonymous_18)
FNDA:0,(anonymous_19)
FNDA:0,(anonymous_20)
DA:15,0
DA:16,0
DA:17,0
DA:19,0
DA:20,0
DA:21,0
DA:22,0
DA:24,0
DA:25,0
DA:26,0
DA:27,0
DA:28,0
DA:30,0
DA:31,0
DA:32,0
DA:33,0
DA:34,0
DA:35,0
DA:37,0
DA:38,0
DA:39,0
DA:44,0
DA:45,0
DA:47,0
DA:48,0
DA:51,0
DA:52,0
DA:53,0
DA:54,0
DA:55,0
DA:56,0
DA:57,0
DA:58,0
DA:59,0
DA:60,0
DA:61,0
DA:63,0
DA:65,0
DA:69,0
DA:70,0
DA:71,0
DA:72,0
DA:73,0
DA:74,0
DA:75,0
DA:76,0
DA:77,0
DA:79,0
DA:81,0
DA:85,0
DA:86,0
DA:88,0
DA:89,0
DA:92,0
DA:127,0
DA:133,0
DA:142,0
DA:160,0
DA:175,0
DA:183,0
DA:195,0
DA:200,0
DA:213,0
DA:219,0
DA:226,0
DA:231,0
LF:66
LH:0
BRDA:38,0,0,0
BRDA:38,0,1,0
BRDA:52,1,0,0
BRDA:52,1,1,0
BRDA:53,2,0,0
BRDA:53,2,1,0
BRDA:63,3,0,0
BRDA:63,3,1,0
BRDA:79,4,0,0
BRDA:79,4,1,0
BRDA:85,5,0,0
BRDA:85,5,1,0
BRDA:86,6,0,0
BRDA:86,6,1,0
BRDA:86,7,0,0
BRDA:86,7,1,0
BRDA:86,8,0,0
BRDA:86,8,1,0
BRDA:88,9,0,0
BRDA:88,9,1,0
BRDA:108,10,0,0
BRDA:108,10,1,0
BRDA:111,11,0,0
BRDA:111,11,1,0
BRDA:119,12,0,0
BRDA:119,12,1,0
BRDA:123,13,0,0
BRDA:123,13,1,0
BRDA:123,13,2,0
BRDA:123,13,3,0
BRDA:132,14,0,0
BRDA:132,14,1,0
BRDA:139,15,0,0
BRDA:139,15,1,0
BRDA:140,16,0,0
BRDA:140,16,1,0
BRDA:155,17,0,0
BRDA:155,17,1,0
BRDA:178,18,0,0
BRDA:178,18,1,0
BRDA:204,19,0,0
BRDA:204,19,1,0
BRDA:204,19,2,0
BRDA:207,20,0,0
BRDA:207,20,1,0
BRDA:216,21,0,0
BRDA:216,21,1,0
BRDA:219,22,0,0
BRDA:219,22,1,0
BRDA:235,23,0,0
BRDA:235,23,1,0
BRDA:238,24,0,0
BRDA:238,24,1,0
BRF:53
BRH:0
end_of_record
TN:
SF:src/pages/mentors/MentorsList.tsx
FN:10,MentorsList
FN:11,(anonymous_1)
FN:17,(anonymous_2)
FN:19,(anonymous_3)
FN:20,(anonymous_4)
FN:21,(anonymous_5)
FN:28,(anonymous_6)
FN:29,(anonymous_7)
FN:59,(anonymous_8)
FN:65,(anonymous_9)
FN:82,(anonymous_10)
FN:103,(anonymous_11)
FN:118,(anonymous_12)
FN:118,(anonymous_13)
FNF:14
FNH:12
FNDA:22,MentorsList
FNDA:31,(anonymous_1)
FNDA:9,(anonymous_2)
FNDA:8,(anonymous_3)
FNDA:1,(anonymous_4)
FNDA:9,(anonymous_5)
FNDA:33,(anonymous_6)
FNDA:32,(anonymous_7)
FNDA:4,(anonymous_8)
FNDA:0,(anonymous_9)
FNDA:0,(anonymous_10)
FNDA:23,(anonymous_11)
FNDA:46,(anonymous_12)
FNDA:46,(anonymous_13)
DA:11,31
DA:12,22
DA:13,22
DA:14,22
DA:15,22
DA:17,22
DA:18,9
DA:19,8
DA:20,1
DA:21,9
DA:24,22
DA:25,13
DA:27,12
DA:28,33
DA:30,32
DA:31,12
DA:32,12
DA:39,12
DA:59,4
DA:65,0
DA:82,0
DA:104,23
DA:118,46
DA:119,46
LF:24
LH:22
BRDA:24,0,0,9
BRDA:24,0,1,13
BRDA:25,1,0,1
BRDA:25,1,1,12
BRDA:30,2,0,20
BRDA:30,2,1,12
BRDA:33,3,0,12
BRDA:33,3,1,11
BRDA:33,3,2,10
BRDA:34,4,0,11
BRDA:34,4,1,0
BRDA:35,5,0,10
BRDA:35,5,1,0
BRDA:63,6,0,12
BRDA:63,6,1,4
BRDA:74,7,0,2
BRDA:74,7,1,10
BRDA:76,8,0,1
BRDA:76,8,1,1
BRDA:99,9,0,7
BRDA:99,9,1,3
BRDA:100,10,0,10
BRDA:100,10,1,3
BRDA:118,11,0,23
BRDA:118,11,1,0
BRDA:125,12,0,23
BRDA:125,12,1,23
BRF:27
BRH:24
end_of_record
TN:
SF:src/store/authSlice.ts
FN:22,(anonymous_0)
FN:28,(anonymous_1)
FNF:2
FNH:2
FNDA:8,(anonymous_0)
FNDA:2,(anonymous_1)
DA:10,7
DA:11,7
DA:13,7
DA:18,7
DA:23,8
DA:24,8
DA:25,8
DA:26,8
DA:29,2
DA:30,2
DA:31,2
DA:32,2
DA:37,7
LF:13
LH:13
BRDA:15,0,0,0
BRDA:15,0,1,7
BRF:2
BRH:1
end_of_record
TN:
SF:src/store/index.ts
FNF:0
FNH:0
DA:4,0
LF:1
LH:0
BRF:0
BRH:0
end_of_record
TN:
SF:src/types/index.ts
FNF:0
FNH:0
LF:0
LH:0
BRF:0
BRH:0
end_of_record
